ERROR - 2022-03-14 00:27:13 --> Table 'app-sipdb.tbl_instansi' doesn't exist
CRITICAL - 2022-03-14 00:27:13 --> Table 'app-sipdb.tbl_instansi' doesn't exist
#0 C:\xampp\htdocs\app-sip\vendor\codeigniter4\framework\system\Database\MySQLi\Connection.php(292): mysqli->query('SELECT *\nFROM `...', 0)
#1 C:\xampp\htdocs\app-sip\vendor\codeigniter4\framework\system\Database\BaseConnection.php(670): CodeIgniter\Database\MySQLi\Connection->execute('SELECT *\nFROM `...')
#2 C:\xampp\htdocs\app-sip\vendor\codeigniter4\framework\system\Database\BaseConnection.php(598): CodeIgniter\Database\BaseConnection->simpleQuery('SELECT *\nFROM `...')
#3 C:\xampp\htdocs\app-sip\vendor\codeigniter4\framework\system\Database\BaseBuilder.php(1455): CodeIgniter\Database\BaseConnection->query('SELECT *\nFROM `...', Array, false)
#4 C:\xampp\htdocs\app-sip\app\Models\UsulanModel.php(33): CodeIgniter\Database\BaseBuilder->get()
#5 C:\xampp\htdocs\app-sip\app\Controllers\DataUsulan.php(32): App\Models\UsulanModel->getUsulan('2022')
#6 C:\xampp\htdocs\app-sip\vendor\codeigniter4\framework\system\CodeIgniter.php(832): App\Controllers\DataUsulan->index()
#7 C:\xampp\htdocs\app-sip\vendor\codeigniter4\framework\system\CodeIgniter.php(419): CodeIgniter\CodeIgniter->runController(Object(App\Controllers\DataUsulan))
#8 C:\xampp\htdocs\app-sip\vendor\codeigniter4\framework\system\CodeIgniter.php(326): CodeIgniter\CodeIgniter->handleRequest(NULL, Object(Config\Cache), false)
#9 C:\xampp\htdocs\app-sip\public\index.php(37): CodeIgniter\CodeIgniter->run()
#10 C:\xampp\htdocs\app-sip\vendor\codeigniter4\framework\system\Commands\Server\rewrite.php(43): require_once('C:\\xampp\\htdocs...')
#11 {main}
CRITICAL - 2022-03-14 00:27:20 --> Undefined property: stdClass::$instansi_nama
#0 C:\xampp\htdocs\app-sip\app\Controllers\DataFormasi.php(54): CodeIgniter\Debug\Exceptions->errorHandler(2, 'Undefined prope...', 'C:\\xampp\\htdocs...', 54)
#1 C:\xampp\htdocs\app-sip\vendor\codeigniter4\framework\system\CodeIgniter.php(832): App\Controllers\DataFormasi->ajaxDataFormasi()
#2 C:\xampp\htdocs\app-sip\vendor\codeigniter4\framework\system\CodeIgniter.php(419): CodeIgniter\CodeIgniter->runController(Object(App\Controllers\DataFormasi))
#3 C:\xampp\htdocs\app-sip\vendor\codeigniter4\framework\system\CodeIgniter.php(326): CodeIgniter\CodeIgniter->handleRequest(NULL, Object(Config\Cache), false)
#4 C:\xampp\htdocs\app-sip\public\index.php(37): CodeIgniter\CodeIgniter->run()
#5 C:\xampp\htdocs\app-sip\vendor\codeigniter4\framework\system\Commands\Server\rewrite.php(43): require_once('C:\\xampp\\htdocs...')
#6 {main}
CRITICAL - 2022-03-14 00:29:12 --> Undefined property: stdClass::$instansi_nama
#0 C:\xampp\htdocs\app-sip\app\Controllers\DataFormasi.php(54): CodeIgniter\Debug\Exceptions->errorHandler(2, 'Undefined prope...', 'C:\\xampp\\htdocs...', 54)
#1 C:\xampp\htdocs\app-sip\vendor\codeigniter4\framework\system\CodeIgniter.php(832): App\Controllers\DataFormasi->ajaxDataFormasi()
#2 C:\xampp\htdocs\app-sip\vendor\codeigniter4\framework\system\CodeIgniter.php(419): CodeIgniter\CodeIgniter->runController(Object(App\Controllers\DataFormasi))
#3 C:\xampp\htdocs\app-sip\vendor\codeigniter4\framework\system\CodeIgniter.php(326): CodeIgniter\CodeIgniter->handleRequest(NULL, Object(Config\Cache), false)
#4 C:\xampp\htdocs\app-sip\public\index.php(37): CodeIgniter\CodeIgniter->run()
#5 C:\xampp\htdocs\app-sip\vendor\codeigniter4\framework\system\Commands\Server\rewrite.php(43): require_once('C:\\xampp\\htdocs...')
#6 {main}
ERROR - 2022-03-14 00:29:14 --> Table 'app-sipdb.tbl_instansi' doesn't exist
CRITICAL - 2022-03-14 00:29:14 --> Table 'app-sipdb.tbl_instansi' doesn't exist
#0 C:\xampp\htdocs\app-sip\vendor\codeigniter4\framework\system\Database\MySQLi\Connection.php(292): mysqli->query('SELECT *\nFROM `...', 0)
#1 C:\xampp\htdocs\app-sip\vendor\codeigniter4\framework\system\Database\BaseConnection.php(670): CodeIgniter\Database\MySQLi\Connection->execute('SELECT *\nFROM `...')
#2 C:\xampp\htdocs\app-sip\vendor\codeigniter4\framework\system\Database\BaseConnection.php(598): CodeIgniter\Database\BaseConnection->simpleQuery('SELECT *\nFROM `...')
#3 C:\xampp\htdocs\app-sip\vendor\codeigniter4\framework\system\Database\BaseBuilder.php(1455): CodeIgniter\Database\BaseConnection->query('SELECT *\nFROM `...', Array, false)
#4 C:\xampp\htdocs\app-sip\app\Models\UsulanModel.php(33): CodeIgniter\Database\BaseBuilder->get()
#5 C:\xampp\htdocs\app-sip\app\Controllers\DataUsulan.php(32): App\Models\UsulanModel->getUsulan('2022')
#6 C:\xampp\htdocs\app-sip\vendor\codeigniter4\framework\system\CodeIgniter.php(832): App\Controllers\DataUsulan->index()
#7 C:\xampp\htdocs\app-sip\vendor\codeigniter4\framework\system\CodeIgniter.php(419): CodeIgniter\CodeIgniter->runController(Object(App\Controllers\DataUsulan))
#8 C:\xampp\htdocs\app-sip\vendor\codeigniter4\framework\system\CodeIgniter.php(326): CodeIgniter\CodeIgniter->handleRequest(NULL, Object(Config\Cache), false)
#9 C:\xampp\htdocs\app-sip\public\index.php(37): CodeIgniter\CodeIgniter->run()
#10 C:\xampp\htdocs\app-sip\vendor\codeigniter4\framework\system\Commands\Server\rewrite.php(43): require_once('C:\\xampp\\htdocs...')
#11 {main}
ERROR - 2022-03-14 00:29:45 --> Table 'app-sipdb.tbl_unor' doesn't exist
CRITICAL - 2022-03-14 00:29:45 --> Table 'app-sipdb.tbl_unor' doesn't exist
#0 C:\xampp\htdocs\app-sip\vendor\codeigniter4\framework\system\Database\MySQLi\Connection.php(292): mysqli->query('SELECT *\nFROM `...', 0)
#1 C:\xampp\htdocs\app-sip\vendor\codeigniter4\framework\system\Database\BaseConnection.php(670): CodeIgniter\Database\MySQLi\Connection->execute('SELECT *\nFROM `...')
#2 C:\xampp\htdocs\app-sip\vendor\codeigniter4\framework\system\Database\BaseConnection.php(598): CodeIgniter\Database\BaseConnection->simpleQuery('SELECT *\nFROM `...')
#3 C:\xampp\htdocs\app-sip\vendor\codeigniter4\framework\system\Database\BaseBuilder.php(1455): CodeIgniter\Database\BaseConnection->query('SELECT *\nFROM `...', Array, false)
#4 C:\xampp\htdocs\app-sip\app\Models\UsulanModel.php(33): CodeIgniter\Database\BaseBuilder->get()
#5 C:\xampp\htdocs\app-sip\app\Controllers\DataUsulan.php(32): App\Models\UsulanModel->getUsulan('2022')
#6 C:\xampp\htdocs\app-sip\vendor\codeigniter4\framework\system\CodeIgniter.php(832): App\Controllers\DataUsulan->index()
#7 C:\xampp\htdocs\app-sip\vendor\codeigniter4\framework\system\CodeIgniter.php(419): CodeIgniter\CodeIgniter->runController(Object(App\Controllers\DataUsulan))
#8 C:\xampp\htdocs\app-sip\vendor\codeigniter4\framework\system\CodeIgniter.php(326): CodeIgniter\CodeIgniter->handleRequest(NULL, Object(Config\Cache), false)
#9 C:\xampp\htdocs\app-sip\public\index.php(37): CodeIgniter\CodeIgniter->run()
#10 C:\xampp\htdocs\app-sip\vendor\codeigniter4\framework\system\Commands\Server\rewrite.php(43): require_once('C:\\xampp\\htdocs...')
#11 {main}
ERROR - 2022-03-14 00:30:15 --> Unknown column 'tbl_usulan.tahun_usulan' in 'where clause'
CRITICAL - 2022-03-14 00:30:15 --> Unknown column 'tbl_usulan.tahun_usulan' in 'where clause'
#0 C:\xampp\htdocs\app-sip\vendor\codeigniter4\framework\system\Database\MySQLi\Connection.php(292): mysqli->query('SELECT *\nFROM `...', 0)
#1 C:\xampp\htdocs\app-sip\vendor\codeigniter4\framework\system\Database\BaseConnection.php(670): CodeIgniter\Database\MySQLi\Connection->execute('SELECT *\nFROM `...')
#2 C:\xampp\htdocs\app-sip\vendor\codeigniter4\framework\system\Database\BaseConnection.php(598): CodeIgniter\Database\BaseConnection->simpleQuery('SELECT *\nFROM `...')
#3 C:\xampp\htdocs\app-sip\vendor\codeigniter4\framework\system\Database\BaseBuilder.php(1455): CodeIgniter\Database\BaseConnection->query('SELECT *\nFROM `...', Array, false)
#4 C:\xampp\htdocs\app-sip\app\Models\UsulanModel.php(33): CodeIgniter\Database\BaseBuilder->get()
#5 C:\xampp\htdocs\app-sip\app\Controllers\DataUsulan.php(32): App\Models\UsulanModel->getUsulan('2022')
#6 C:\xampp\htdocs\app-sip\vendor\codeigniter4\framework\system\CodeIgniter.php(832): App\Controllers\DataUsulan->index()
#7 C:\xampp\htdocs\app-sip\vendor\codeigniter4\framework\system\CodeIgniter.php(419): CodeIgniter\CodeIgniter->runController(Object(App\Controllers\DataUsulan))
#8 C:\xampp\htdocs\app-sip\vendor\codeigniter4\framework\system\CodeIgniter.php(326): CodeIgniter\CodeIgniter->handleRequest(NULL, Object(Config\Cache), false)
#9 C:\xampp\htdocs\app-sip\public\index.php(37): CodeIgniter\CodeIgniter->run()
#10 C:\xampp\htdocs\app-sip\vendor\codeigniter4\framework\system\Commands\Server\rewrite.php(43): require_once('C:\\xampp\\htdocs...')
#11 {main}
ERROR - 2022-03-14 01:01:21 --> Table 'app-sipdb.tbl_opd' doesn't exist
CRITICAL - 2022-03-14 01:01:21 --> Table 'app-sipdb.tbl_opd' doesn't exist
#0 C:\xampp\htdocs\app-sip\vendor\codeigniter4\framework\system\Database\MySQLi\Connection.php(292): mysqli->query('SELECT `tbl_opd...', 0)
#1 C:\xampp\htdocs\app-sip\vendor\codeigniter4\framework\system\Database\BaseConnection.php(670): CodeIgniter\Database\MySQLi\Connection->execute('SELECT `tbl_opd...')
#2 C:\xampp\htdocs\app-sip\vendor\codeigniter4\framework\system\Database\BaseConnection.php(598): CodeIgniter\Database\BaseConnection->simpleQuery('SELECT `tbl_opd...')
#3 C:\xampp\htdocs\app-sip\vendor\codeigniter4\framework\system\Database\BaseBuilder.php(1455): CodeIgniter\Database\BaseConnection->query('SELECT `tbl_opd...', Array, false)
#4 C:\xampp\htdocs\app-sip\app\Models\FormasiModel.php(60): CodeIgniter\Database\BaseBuilder->get()
#5 C:\xampp\htdocs\app-sip\app\Controllers\DataFormasi.php(47): App\Models\FormasiModel->get_datatables()
#6 C:\xampp\htdocs\app-sip\vendor\codeigniter4\framework\system\CodeIgniter.php(832): App\Controllers\DataFormasi->ajaxDataFormasi()
#7 C:\xampp\htdocs\app-sip\vendor\codeigniter4\framework\system\CodeIgniter.php(419): CodeIgniter\CodeIgniter->runController(Object(App\Controllers\DataFormasi))
#8 C:\xampp\htdocs\app-sip\vendor\codeigniter4\framework\system\CodeIgniter.php(326): CodeIgniter\CodeIgniter->handleRequest(NULL, Object(Config\Cache), false)
#9 C:\xampp\htdocs\app-sip\public\index.php(37): CodeIgniter\CodeIgniter->run()
#10 C:\xampp\htdocs\app-sip\vendor\codeigniter4\framework\system\Commands\Server\rewrite.php(43): require_once('C:\\xampp\\htdocs...')
#11 {main}
ERROR - 2022-03-14 01:01:28 --> Table 'app-sipdb.tbl_opd' doesn't exist
CRITICAL - 2022-03-14 01:01:28 --> Table 'app-sipdb.tbl_opd' doesn't exist
#0 C:\xampp\htdocs\app-sip\vendor\codeigniter4\framework\system\Database\MySQLi\Connection.php(292): mysqli->query('SELECT `tbl_opd...', 0)
#1 C:\xampp\htdocs\app-sip\vendor\codeigniter4\framework\system\Database\BaseConnection.php(670): CodeIgniter\Database\MySQLi\Connection->execute('SELECT `tbl_opd...')
#2 C:\xampp\htdocs\app-sip\vendor\codeigniter4\framework\system\Database\BaseConnection.php(598): CodeIgniter\Database\BaseConnection->simpleQuery('SELECT `tbl_opd...')
#3 C:\xampp\htdocs\app-sip\vendor\codeigniter4\framework\system\Database\BaseBuilder.php(1455): CodeIgniter\Database\BaseConnection->query('SELECT `tbl_opd...', Array, false)
#4 C:\xampp\htdocs\app-sip\app\Models\FormasiModel.php(60): CodeIgniter\Database\BaseBuilder->get()
#5 C:\xampp\htdocs\app-sip\app\Controllers\DataFormasi.php(47): App\Models\FormasiModel->get_datatables()
#6 C:\xampp\htdocs\app-sip\vendor\codeigniter4\framework\system\CodeIgniter.php(832): App\Controllers\DataFormasi->ajaxDataFormasi()
#7 C:\xampp\htdocs\app-sip\vendor\codeigniter4\framework\system\CodeIgniter.php(419): CodeIgniter\CodeIgniter->runController(Object(App\Controllers\DataFormasi))
#8 C:\xampp\htdocs\app-sip\vendor\codeigniter4\framework\system\CodeIgniter.php(326): CodeIgniter\CodeIgniter->handleRequest(NULL, Object(Config\Cache), false)
#9 C:\xampp\htdocs\app-sip\public\index.php(37): CodeIgniter\CodeIgniter->run()
#10 C:\xampp\htdocs\app-sip\vendor\codeigniter4\framework\system\Commands\Server\rewrite.php(43): require_once('C:\\xampp\\htdocs...')
#11 {main}
ERROR - 2022-03-14 01:19:00 --> Table 'app-sipdb.tbl_opd' doesn't exist
CRITICAL - 2022-03-14 01:19:00 --> Table 'app-sipdb.tbl_opd' doesn't exist
#0 C:\xampp\htdocs\app-sip\vendor\codeigniter4\framework\system\Database\MySQLi\Connection.php(292): mysqli->query('SELECT *\nFROM `...', 0)
#1 C:\xampp\htdocs\app-sip\vendor\codeigniter4\framework\system\Database\BaseConnection.php(670): CodeIgniter\Database\MySQLi\Connection->execute('SELECT *\nFROM `...')
#2 C:\xampp\htdocs\app-sip\vendor\codeigniter4\framework\system\Database\BaseConnection.php(598): CodeIgniter\Database\BaseConnection->simpleQuery('SELECT *\nFROM `...')
#3 C:\xampp\htdocs\app-sip\vendor\codeigniter4\framework\system\Database\BaseBuilder.php(1455): CodeIgniter\Database\BaseConnection->query('SELECT *\nFROM `...', Array, false)
#4 C:\xampp\htdocs\app-sip\app\Models\InstansiModel.php(60): CodeIgniter\Database\BaseBuilder->get()
#5 C:\xampp\htdocs\app-sip\app\Controllers\DataInstansi.php(47): App\Models\InstansiModel->get_datatables()
#6 C:\xampp\htdocs\app-sip\vendor\codeigniter4\framework\system\CodeIgniter.php(832): App\Controllers\DataInstansi->ajaxDataInstansi('IV')
#7 C:\xampp\htdocs\app-sip\vendor\codeigniter4\framework\system\CodeIgniter.php(419): CodeIgniter\CodeIgniter->runController(Object(App\Controllers\DataInstansi))
#8 C:\xampp\htdocs\app-sip\vendor\codeigniter4\framework\system\CodeIgniter.php(326): CodeIgniter\CodeIgniter->handleRequest(NULL, Object(Config\Cache), false)
#9 C:\xampp\htdocs\app-sip\public\index.php(37): CodeIgniter\CodeIgniter->run()
#10 C:\xampp\htdocs\app-sip\vendor\codeigniter4\framework\system\Commands\Server\rewrite.php(43): require_once('C:\\xampp\\htdocs...')
#11 {main}
ERROR - 2022-03-14 01:19:04 --> Table 'app-sipdb.tbl_opd' doesn't exist
CRITICAL - 2022-03-14 01:19:04 --> Table 'app-sipdb.tbl_opd' doesn't exist
#0 C:\xampp\htdocs\app-sip\vendor\codeigniter4\framework\system\Database\MySQLi\Connection.php(292): mysqli->query('SELECT *\nFROM `...', 0)
#1 C:\xampp\htdocs\app-sip\vendor\codeigniter4\framework\system\Database\BaseConnection.php(670): CodeIgniter\Database\MySQLi\Connection->execute('SELECT *\nFROM `...')
#2 C:\xampp\htdocs\app-sip\vendor\codeigniter4\framework\system\Database\BaseConnection.php(598): CodeIgniter\Database\BaseConnection->simpleQuery('SELECT *\nFROM `...')
#3 C:\xampp\htdocs\app-sip\vendor\codeigniter4\framework\system\Database\BaseBuilder.php(1455): CodeIgniter\Database\BaseConnection->query('SELECT *\nFROM `...', Array, false)
#4 C:\xampp\htdocs\app-sip\app\Models\InstansiModel.php(60): CodeIgniter\Database\BaseBuilder->get()
#5 C:\xampp\htdocs\app-sip\app\Controllers\DataInstansi.php(47): App\Models\InstansiModel->get_datatables()
#6 C:\xampp\htdocs\app-sip\vendor\codeigniter4\framework\system\CodeIgniter.php(832): App\Controllers\DataInstansi->ajaxDataInstansi('IV')
#7 C:\xampp\htdocs\app-sip\vendor\codeigniter4\framework\system\CodeIgniter.php(419): CodeIgniter\CodeIgniter->runController(Object(App\Controllers\DataInstansi))
#8 C:\xampp\htdocs\app-sip\vendor\codeigniter4\framework\system\CodeIgniter.php(326): CodeIgniter\CodeIgniter->handleRequest(NULL, Object(Config\Cache), false)
#9 C:\xampp\htdocs\app-sip\public\index.php(37): CodeIgniter\CodeIgniter->run()
#10 C:\xampp\htdocs\app-sip\vendor\codeigniter4\framework\system\Commands\Server\rewrite.php(43): require_once('C:\\xampp\\htdocs...')
#11 {main}
ERROR - 2022-03-14 01:19:11 --> Table 'app-sipdb.tbl_opd' doesn't exist
CRITICAL - 2022-03-14 01:19:11 --> Table 'app-sipdb.tbl_opd' doesn't exist
#0 C:\xampp\htdocs\app-sip\vendor\codeigniter4\framework\system\Database\MySQLi\Connection.php(292): mysqli->query('SELECT *\nFROM `...', 0)
#1 C:\xampp\htdocs\app-sip\vendor\codeigniter4\framework\system\Database\BaseConnection.php(670): CodeIgniter\Database\MySQLi\Connection->execute('SELECT *\nFROM `...')
#2 C:\xampp\htdocs\app-sip\vendor\codeigniter4\framework\system\Database\BaseConnection.php(598): CodeIgniter\Database\BaseConnection->simpleQuery('SELECT *\nFROM `...')
#3 C:\xampp\htdocs\app-sip\vendor\codeigniter4\framework\system\Database\BaseBuilder.php(1455): CodeIgniter\Database\BaseConnection->query('SELECT *\nFROM `...', Array, false)
#4 C:\xampp\htdocs\app-sip\app\Models\InstansiModel.php(60): CodeIgniter\Database\BaseBuilder->get()
#5 C:\xampp\htdocs\app-sip\app\Controllers\DataInstansi.php(47): App\Models\InstansiModel->get_datatables()
#6 C:\xampp\htdocs\app-sip\vendor\codeigniter4\framework\system\CodeIgniter.php(832): App\Controllers\DataInstansi->ajaxDataInstansi('IV')
#7 C:\xampp\htdocs\app-sip\vendor\codeigniter4\framework\system\CodeIgniter.php(419): CodeIgniter\CodeIgniter->runController(Object(App\Controllers\DataInstansi))
#8 C:\xampp\htdocs\app-sip\vendor\codeigniter4\framework\system\CodeIgniter.php(326): CodeIgniter\CodeIgniter->handleRequest(NULL, Object(Config\Cache), false)
#9 C:\xampp\htdocs\app-sip\public\index.php(37): CodeIgniter\CodeIgniter->run()
#10 C:\xampp\htdocs\app-sip\vendor\codeigniter4\framework\system\Commands\Server\rewrite.php(43): require_once('C:\\xampp\\htdocs...')
#11 {main}
CRITICAL - 2022-03-14 01:19:48 --> include(detail.php): Failed to open stream: No such file or directory
#0 C:\xampp\htdocs\app-sip\app\Views\v_dataFormasi\view.php(62): CodeIgniter\Debug\Exceptions->errorHandler(2, 'include(detail....', 'C:\\xampp\\htdocs...', 62)
#1 C:\xampp\htdocs\app-sip\app\Views\v_dataFormasi\view.php(62): include()
#2 C:\xampp\htdocs\app-sip\vendor\codeigniter4\framework\system\View\View.php(210): include('C:\\xampp\\htdocs...')
#3 C:\xampp\htdocs\app-sip\vendor\codeigniter4\framework\system\View\View.php(213): CodeIgniter\View\View->CodeIgniter\View\{closure}()
#4 C:\xampp\htdocs\app-sip\vendor\codeigniter4\framework\system\Common.php(1089): CodeIgniter\View\View->render('v_dataFormasi/v...', Array, true)
#5 C:\xampp\htdocs\app-sip\app\Controllers\DataFormasi.php(67): view('v_dataFormasi/v...', Array)
#6 C:\xampp\htdocs\app-sip\vendor\codeigniter4\framework\system\CodeIgniter.php(832): App\Controllers\DataFormasi->view('IV')
#7 C:\xampp\htdocs\app-sip\vendor\codeigniter4\framework\system\CodeIgniter.php(419): CodeIgniter\CodeIgniter->runController(Object(App\Controllers\DataFormasi))
#8 C:\xampp\htdocs\app-sip\vendor\codeigniter4\framework\system\CodeIgniter.php(326): CodeIgniter\CodeIgniter->handleRequest(NULL, Object(Config\Cache), false)
#9 C:\xampp\htdocs\app-sip\public\index.php(37): CodeIgniter\CodeIgniter->run()
#10 C:\xampp\htdocs\app-sip\vendor\codeigniter4\framework\system\Commands\Server\rewrite.php(43): require_once('C:\\xampp\\htdocs...')
#11 {main}
ERROR - 2022-03-14 01:20:18 --> Table 'app-sipdb.tbl_unitkerja' doesn't exist
CRITICAL - 2022-03-14 01:20:18 --> Table 'app-sipdb.tbl_unitkerja' doesn't exist
#0 C:\xampp\htdocs\app-sip\vendor\codeigniter4\framework\system\Database\MySQLi\Connection.php(292): mysqli->query('SELECT `tbl_for...', 0)
#1 C:\xampp\htdocs\app-sip\vendor\codeigniter4\framework\system\Database\BaseConnection.php(670): CodeIgniter\Database\MySQLi\Connection->execute('SELECT `tbl_for...')
#2 C:\xampp\htdocs\app-sip\vendor\codeigniter4\framework\system\Database\BaseConnection.php(598): CodeIgniter\Database\BaseConnection->simpleQuery('SELECT `tbl_for...')
#3 C:\xampp\htdocs\app-sip\vendor\codeigniter4\framework\system\Database\BaseBuilder.php(1455): CodeIgniter\Database\BaseConnection->query('SELECT `tbl_for...', Array, false)
#4 C:\xampp\htdocs\app-sip\app\Models\FormasiModel.php(60): CodeIgniter\Database\BaseBuilder->get()
#5 C:\xampp\htdocs\app-sip\app\Controllers\DataFormasi.php(81): App\Models\FormasiModel->get_datatables('IV')
#6 C:\xampp\htdocs\app-sip\vendor\codeigniter4\framework\system\CodeIgniter.php(832): App\Controllers\DataFormasi->ajaxDataFormasi('IV')
#7 C:\xampp\htdocs\app-sip\vendor\codeigniter4\framework\system\CodeIgniter.php(419): CodeIgniter\CodeIgniter->runController(Object(App\Controllers\DataFormasi))
#8 C:\xampp\htdocs\app-sip\vendor\codeigniter4\framework\system\CodeIgniter.php(326): CodeIgniter\CodeIgniter->handleRequest(NULL, Object(Config\Cache), false)
#9 C:\xampp\htdocs\app-sip\public\index.php(37): CodeIgniter\CodeIgniter->run()
#10 C:\xampp\htdocs\app-sip\vendor\codeigniter4\framework\system\Commands\Server\rewrite.php(43): require_once('C:\\xampp\\htdocs...')
#11 {main}
ERROR - 2022-03-14 01:20:46 --> Unknown column 'jabatan_id' in 'field list'
CRITICAL - 2022-03-14 01:20:46 --> Unknown column 'jabatan_id' in 'field list'
#0 C:\xampp\htdocs\app-sip\vendor\codeigniter4\framework\system\Database\MySQLi\Connection.php(292): mysqli->query('SELECT `tbl_for...', 0)
#1 C:\xampp\htdocs\app-sip\vendor\codeigniter4\framework\system\Database\BaseConnection.php(670): CodeIgniter\Database\MySQLi\Connection->execute('SELECT `tbl_for...')
#2 C:\xampp\htdocs\app-sip\vendor\codeigniter4\framework\system\Database\BaseConnection.php(598): CodeIgniter\Database\BaseConnection->simpleQuery('SELECT `tbl_for...')
#3 C:\xampp\htdocs\app-sip\vendor\codeigniter4\framework\system\Database\BaseBuilder.php(1455): CodeIgniter\Database\BaseConnection->query('SELECT `tbl_for...', Array, false)
#4 C:\xampp\htdocs\app-sip\app\Models\FormasiModel.php(60): CodeIgniter\Database\BaseBuilder->get()
#5 C:\xampp\htdocs\app-sip\app\Controllers\DataFormasi.php(81): App\Models\FormasiModel->get_datatables('IV')
#6 C:\xampp\htdocs\app-sip\vendor\codeigniter4\framework\system\CodeIgniter.php(832): App\Controllers\DataFormasi->ajaxDataFormasi('IV')
#7 C:\xampp\htdocs\app-sip\vendor\codeigniter4\framework\system\CodeIgniter.php(419): CodeIgniter\CodeIgniter->runController(Object(App\Controllers\DataFormasi))
#8 C:\xampp\htdocs\app-sip\vendor\codeigniter4\framework\system\CodeIgniter.php(326): CodeIgniter\CodeIgniter->handleRequest(NULL, Object(Config\Cache), false)
#9 C:\xampp\htdocs\app-sip\public\index.php(37): CodeIgniter\CodeIgniter->run()
#10 C:\xampp\htdocs\app-sip\vendor\codeigniter4\framework\system\Commands\Server\rewrite.php(43): require_once('C:\\xampp\\htdocs...')
#11 {main}
ERROR - 2022-03-14 01:21:43 --> Unknown column 'jabatan_id' in 'field list'
CRITICAL - 2022-03-14 01:21:43 --> Unknown column 'jabatan_id' in 'field list'
#0 C:\xampp\htdocs\app-sip\vendor\codeigniter4\framework\system\Database\MySQLi\Connection.php(292): mysqli->query('SELECT `tbl_for...', 0)
#1 C:\xampp\htdocs\app-sip\vendor\codeigniter4\framework\system\Database\BaseConnection.php(670): CodeIgniter\Database\MySQLi\Connection->execute('SELECT `tbl_for...')
#2 C:\xampp\htdocs\app-sip\vendor\codeigniter4\framework\system\Database\BaseConnection.php(598): CodeIgniter\Database\BaseConnection->simpleQuery('SELECT `tbl_for...')
#3 C:\xampp\htdocs\app-sip\vendor\codeigniter4\framework\system\Database\BaseBuilder.php(1455): CodeIgniter\Database\BaseConnection->query('SELECT `tbl_for...', Array, false)
#4 C:\xampp\htdocs\app-sip\app\Models\FormasiModel.php(60): CodeIgniter\Database\BaseBuilder->get()
#5 C:\xampp\htdocs\app-sip\app\Controllers\DataFormasi.php(81): App\Models\FormasiModel->get_datatables('IV')
#6 C:\xampp\htdocs\app-sip\vendor\codeigniter4\framework\system\CodeIgniter.php(832): App\Controllers\DataFormasi->ajaxDataFormasi('IV')
#7 C:\xampp\htdocs\app-sip\vendor\codeigniter4\framework\system\CodeIgniter.php(419): CodeIgniter\CodeIgniter->runController(Object(App\Controllers\DataFormasi))
#8 C:\xampp\htdocs\app-sip\vendor\codeigniter4\framework\system\CodeIgniter.php(326): CodeIgniter\CodeIgniter->handleRequest(NULL, Object(Config\Cache), false)
#9 C:\xampp\htdocs\app-sip\public\index.php(37): CodeIgniter\CodeIgniter->run()
#10 C:\xampp\htdocs\app-sip\vendor\codeigniter4\framework\system\Commands\Server\rewrite.php(43): require_once('C:\\xampp\\htdocs...')
#11 {main}
ERROR - 2022-03-14 01:22:15 --> Column 'jabatan_kode' in field list is ambiguous
CRITICAL - 2022-03-14 01:22:15 --> Column 'jabatan_kode' in field list is ambiguous
#0 C:\xampp\htdocs\app-sip\vendor\codeigniter4\framework\system\Database\MySQLi\Connection.php(292): mysqli->query('SELECT `tbl_for...', 0)
#1 C:\xampp\htdocs\app-sip\vendor\codeigniter4\framework\system\Database\BaseConnection.php(670): CodeIgniter\Database\MySQLi\Connection->execute('SELECT `tbl_for...')
#2 C:\xampp\htdocs\app-sip\vendor\codeigniter4\framework\system\Database\BaseConnection.php(598): CodeIgniter\Database\BaseConnection->simpleQuery('SELECT `tbl_for...')
#3 C:\xampp\htdocs\app-sip\vendor\codeigniter4\framework\system\Database\BaseBuilder.php(1455): CodeIgniter\Database\BaseConnection->query('SELECT `tbl_for...', Array, false)
#4 C:\xampp\htdocs\app-sip\app\Models\FormasiModel.php(60): CodeIgniter\Database\BaseBuilder->get()
#5 C:\xampp\htdocs\app-sip\app\Controllers\DataFormasi.php(81): App\Models\FormasiModel->get_datatables('IV')
#6 C:\xampp\htdocs\app-sip\vendor\codeigniter4\framework\system\CodeIgniter.php(832): App\Controllers\DataFormasi->ajaxDataFormasi('IV')
#7 C:\xampp\htdocs\app-sip\vendor\codeigniter4\framework\system\CodeIgniter.php(419): CodeIgniter\CodeIgniter->runController(Object(App\Controllers\DataFormasi))
#8 C:\xampp\htdocs\app-sip\vendor\codeigniter4\framework\system\CodeIgniter.php(326): CodeIgniter\CodeIgniter->handleRequest(NULL, Object(Config\Cache), false)
#9 C:\xampp\htdocs\app-sip\public\index.php(37): CodeIgniter\CodeIgniter->run()
#10 C:\xampp\htdocs\app-sip\vendor\codeigniter4\framework\system\Commands\Server\rewrite.php(43): require_once('C:\\xampp\\htdocs...')
#11 {main}
ERROR - 2022-03-14 01:22:56 --> Unknown column 'tbl_pegawai.instansi_unor' in 'where clause'
CRITICAL - 2022-03-14 01:22:56 --> Unknown column 'tbl_pegawai.instansi_unor' in 'where clause'
#0 C:\xampp\htdocs\app-sip\vendor\codeigniter4\framework\system\Database\MySQLi\Connection.php(292): mysqli->query('SELECT `tbl_for...', 0)
#1 C:\xampp\htdocs\app-sip\vendor\codeigniter4\framework\system\Database\BaseConnection.php(670): CodeIgniter\Database\MySQLi\Connection->execute('SELECT `tbl_for...')
#2 C:\xampp\htdocs\app-sip\vendor\codeigniter4\framework\system\Database\BaseConnection.php(598): CodeIgniter\Database\BaseConnection->simpleQuery('SELECT `tbl_for...')
#3 C:\xampp\htdocs\app-sip\vendor\codeigniter4\framework\system\Database\BaseBuilder.php(1455): CodeIgniter\Database\BaseConnection->query('SELECT `tbl_for...', Array, false)
#4 C:\xampp\htdocs\app-sip\app\Models\FormasiModel.php(60): CodeIgniter\Database\BaseBuilder->get()
#5 C:\xampp\htdocs\app-sip\app\Controllers\DataFormasi.php(81): App\Models\FormasiModel->get_datatables('IV')
#6 C:\xampp\htdocs\app-sip\vendor\codeigniter4\framework\system\CodeIgniter.php(832): App\Controllers\DataFormasi->ajaxDataFormasi('IV')
#7 C:\xampp\htdocs\app-sip\vendor\codeigniter4\framework\system\CodeIgniter.php(419): CodeIgniter\CodeIgniter->runController(Object(App\Controllers\DataFormasi))
#8 C:\xampp\htdocs\app-sip\vendor\codeigniter4\framework\system\CodeIgniter.php(326): CodeIgniter\CodeIgniter->handleRequest(NULL, Object(Config\Cache), false)
#9 C:\xampp\htdocs\app-sip\public\index.php(37): CodeIgniter\CodeIgniter->run()
#10 C:\xampp\htdocs\app-sip\vendor\codeigniter4\framework\system\Commands\Server\rewrite.php(43): require_once('C:\\xampp\\htdocs...')
#11 {main}
ERROR - 2022-03-14 01:24:19 --> Unknown column 'tbl_formasi.instansi_uker' in 'where clause'
CRITICAL - 2022-03-14 01:24:19 --> Unknown column 'tbl_formasi.instansi_uker' in 'where clause'
#0 C:\xampp\htdocs\app-sip\vendor\codeigniter4\framework\system\Database\MySQLi\Connection.php(292): mysqli->query('SELECT `tbl_for...', 0)
#1 C:\xampp\htdocs\app-sip\vendor\codeigniter4\framework\system\Database\BaseConnection.php(670): CodeIgniter\Database\MySQLi\Connection->execute('SELECT `tbl_for...')
#2 C:\xampp\htdocs\app-sip\vendor\codeigniter4\framework\system\Database\BaseConnection.php(598): CodeIgniter\Database\BaseConnection->simpleQuery('SELECT `tbl_for...')
#3 C:\xampp\htdocs\app-sip\vendor\codeigniter4\framework\system\Database\BaseBuilder.php(1455): CodeIgniter\Database\BaseConnection->query('SELECT `tbl_for...', Array, false)
#4 C:\xampp\htdocs\app-sip\app\Models\FormasiModel.php(60): CodeIgniter\Database\BaseBuilder->get()
#5 C:\xampp\htdocs\app-sip\app\Controllers\DataFormasi.php(81): App\Models\FormasiModel->get_datatables('IV')
#6 C:\xampp\htdocs\app-sip\vendor\codeigniter4\framework\system\CodeIgniter.php(832): App\Controllers\DataFormasi->ajaxDataFormasi('IV')
#7 C:\xampp\htdocs\app-sip\vendor\codeigniter4\framework\system\CodeIgniter.php(419): CodeIgniter\CodeIgniter->runController(Object(App\Controllers\DataFormasi))
#8 C:\xampp\htdocs\app-sip\vendor\codeigniter4\framework\system\CodeIgniter.php(326): CodeIgniter\CodeIgniter->handleRequest(NULL, Object(Config\Cache), false)
#9 C:\xampp\htdocs\app-sip\public\index.php(37): CodeIgniter\CodeIgniter->run()
#10 C:\xampp\htdocs\app-sip\vendor\codeigniter4\framework\system\Commands\Server\rewrite.php(43): require_once('C:\\xampp\\htdocs...')
#11 {main}
ERROR - 2022-03-14 01:25:01 --> Unknown column 'instansi_id' in 'where clause'
CRITICAL - 2022-03-14 01:25:01 --> Unknown column 'instansi_id' in 'where clause'
#0 C:\xampp\htdocs\app-sip\vendor\codeigniter4\framework\system\Database\MySQLi\Connection.php(292): mysqli->query('SELECT COUNT(*)...', 0)
#1 C:\xampp\htdocs\app-sip\vendor\codeigniter4\framework\system\Database\BaseConnection.php(670): CodeIgniter\Database\MySQLi\Connection->execute('SELECT COUNT(*)...')
#2 C:\xampp\htdocs\app-sip\vendor\codeigniter4\framework\system\Database\BaseConnection.php(598): CodeIgniter\Database\BaseConnection->simpleQuery('SELECT COUNT(*)...')
#3 C:\xampp\htdocs\app-sip\vendor\codeigniter4\framework\system\Database\BaseBuilder.php(1539): CodeIgniter\Database\BaseConnection->query('SELECT COUNT(*)...', Array, false)
#4 C:\xampp\htdocs\app-sip\app\Models\FormasiModel.php(71): CodeIgniter\Database\BaseBuilder->countAllResults()
#5 C:\xampp\htdocs\app-sip\app\Controllers\DataFormasi.php(99): App\Models\FormasiModel->count_all('IV')
#6 C:\xampp\htdocs\app-sip\vendor\codeigniter4\framework\system\CodeIgniter.php(832): App\Controllers\DataFormasi->ajaxDataFormasi('IV')
#7 C:\xampp\htdocs\app-sip\vendor\codeigniter4\framework\system\CodeIgniter.php(419): CodeIgniter\CodeIgniter->runController(Object(App\Controllers\DataFormasi))
#8 C:\xampp\htdocs\app-sip\vendor\codeigniter4\framework\system\CodeIgniter.php(326): CodeIgniter\CodeIgniter->handleRequest(NULL, Object(Config\Cache), false)
#9 C:\xampp\htdocs\app-sip\public\index.php(37): CodeIgniter\CodeIgniter->run()
#10 C:\xampp\htdocs\app-sip\vendor\codeigniter4\framework\system\Commands\Server\rewrite.php(43): require_once('C:\\xampp\\htdocs...')
#11 {main}
ERROR - 2022-03-14 01:27:47 --> Column 'instansi_id' in field list is ambiguous
CRITICAL - 2022-03-14 01:27:47 --> Column 'instansi_id' in field list is ambiguous
#0 C:\xampp\htdocs\app-sip\vendor\codeigniter4\framework\system\Database\MySQLi\Connection.php(292): mysqli->query('SELECT `tbl_for...', 0)
#1 C:\xampp\htdocs\app-sip\vendor\codeigniter4\framework\system\Database\BaseConnection.php(670): CodeIgniter\Database\MySQLi\Connection->execute('SELECT `tbl_for...')
#2 C:\xampp\htdocs\app-sip\vendor\codeigniter4\framework\system\Database\BaseConnection.php(598): CodeIgniter\Database\BaseConnection->simpleQuery('SELECT `tbl_for...')
#3 C:\xampp\htdocs\app-sip\vendor\codeigniter4\framework\system\Database\BaseBuilder.php(1455): CodeIgniter\Database\BaseConnection->query('SELECT `tbl_for...', Array, false)
#4 C:\xampp\htdocs\app-sip\app\Models\FormasiModel.php(60): CodeIgniter\Database\BaseBuilder->get()
#5 C:\xampp\htdocs\app-sip\app\Controllers\DataFormasi.php(81): App\Models\FormasiModel->get_datatables('IV')
#6 C:\xampp\htdocs\app-sip\vendor\codeigniter4\framework\system\CodeIgniter.php(832): App\Controllers\DataFormasi->ajaxDataFormasi('IV')
#7 C:\xampp\htdocs\app-sip\vendor\codeigniter4\framework\system\CodeIgniter.php(419): CodeIgniter\CodeIgniter->runController(Object(App\Controllers\DataFormasi))
#8 C:\xampp\htdocs\app-sip\vendor\codeigniter4\framework\system\CodeIgniter.php(326): CodeIgniter\CodeIgniter->handleRequest(NULL, Object(Config\Cache), false)
#9 C:\xampp\htdocs\app-sip\public\index.php(37): CodeIgniter\CodeIgniter->run()
#10 C:\xampp\htdocs\app-sip\vendor\codeigniter4\framework\system\Commands\Server\rewrite.php(43): require_once('C:\\xampp\\htdocs...')
#11 {main}
ERROR - 2022-03-14 01:28:22 --> Column 'instansi_uker' in field list is ambiguous
CRITICAL - 2022-03-14 01:28:22 --> Column 'instansi_uker' in field list is ambiguous
#0 C:\xampp\htdocs\app-sip\vendor\codeigniter4\framework\system\Database\MySQLi\Connection.php(292): mysqli->query('SELECT `tbl_for...', 0)
#1 C:\xampp\htdocs\app-sip\vendor\codeigniter4\framework\system\Database\BaseConnection.php(670): CodeIgniter\Database\MySQLi\Connection->execute('SELECT `tbl_for...')
#2 C:\xampp\htdocs\app-sip\vendor\codeigniter4\framework\system\Database\BaseConnection.php(598): CodeIgniter\Database\BaseConnection->simpleQuery('SELECT `tbl_for...')
#3 C:\xampp\htdocs\app-sip\vendor\codeigniter4\framework\system\Database\BaseBuilder.php(1455): CodeIgniter\Database\BaseConnection->query('SELECT `tbl_for...', Array, false)
#4 C:\xampp\htdocs\app-sip\app\Models\FormasiModel.php(60): CodeIgniter\Database\BaseBuilder->get()
#5 C:\xampp\htdocs\app-sip\app\Controllers\DataFormasi.php(81): App\Models\FormasiModel->get_datatables('IV')
#6 C:\xampp\htdocs\app-sip\vendor\codeigniter4\framework\system\CodeIgniter.php(832): App\Controllers\DataFormasi->ajaxDataFormasi('IV')
#7 C:\xampp\htdocs\app-sip\vendor\codeigniter4\framework\system\CodeIgniter.php(419): CodeIgniter\CodeIgniter->runController(Object(App\Controllers\DataFormasi))
#8 C:\xampp\htdocs\app-sip\vendor\codeigniter4\framework\system\CodeIgniter.php(326): CodeIgniter\CodeIgniter->handleRequest(NULL, Object(Config\Cache), false)
#9 C:\xampp\htdocs\app-sip\public\index.php(37): CodeIgniter\CodeIgniter->run()
#10 C:\xampp\htdocs\app-sip\vendor\codeigniter4\framework\system\Commands\Server\rewrite.php(43): require_once('C:\\xampp\\htdocs...')
#11 {main}
ERROR - 2022-03-14 01:28:43 --> Unknown column 'tbl_formasi.jabatan_kode' in 'field list'
CRITICAL - 2022-03-14 01:28:43 --> Unknown column 'tbl_formasi.jabatan_kode' in 'field list'
#0 C:\xampp\htdocs\app-sip\vendor\codeigniter4\framework\system\Database\MySQLi\Connection.php(292): mysqli->query('SELECT `tbl_for...', 0)
#1 C:\xampp\htdocs\app-sip\vendor\codeigniter4\framework\system\Database\BaseConnection.php(670): CodeIgniter\Database\MySQLi\Connection->execute('SELECT `tbl_for...')
#2 C:\xampp\htdocs\app-sip\vendor\codeigniter4\framework\system\Database\BaseConnection.php(598): CodeIgniter\Database\BaseConnection->simpleQuery('SELECT `tbl_for...')
#3 C:\xampp\htdocs\app-sip\vendor\codeigniter4\framework\system\Database\BaseBuilder.php(1455): CodeIgniter\Database\BaseConnection->query('SELECT `tbl_for...', Array, false)
#4 C:\xampp\htdocs\app-sip\app\Models\FormasiModel.php(60): CodeIgniter\Database\BaseBuilder->get()
#5 C:\xampp\htdocs\app-sip\app\Controllers\DataFormasi.php(81): App\Models\FormasiModel->get_datatables('IV')
#6 C:\xampp\htdocs\app-sip\vendor\codeigniter4\framework\system\CodeIgniter.php(832): App\Controllers\DataFormasi->ajaxDataFormasi('IV')
#7 C:\xampp\htdocs\app-sip\vendor\codeigniter4\framework\system\CodeIgniter.php(419): CodeIgniter\CodeIgniter->runController(Object(App\Controllers\DataFormasi))
#8 C:\xampp\htdocs\app-sip\vendor\codeigniter4\framework\system\CodeIgniter.php(326): CodeIgniter\CodeIgniter->handleRequest(NULL, Object(Config\Cache), false)
#9 C:\xampp\htdocs\app-sip\public\index.php(37): CodeIgniter\CodeIgniter->run()
#10 C:\xampp\htdocs\app-sip\vendor\codeigniter4\framework\system\Commands\Server\rewrite.php(43): require_once('C:\\xampp\\htdocs...')
#11 {main}
ERROR - 2022-03-14 01:29:19 --> Unknown column 'tbl_formasi.instansi_unor' in 'where clause'
CRITICAL - 2022-03-14 01:29:19 --> Unknown column 'tbl_formasi.instansi_unor' in 'where clause'
#0 C:\xampp\htdocs\app-sip\vendor\codeigniter4\framework\system\Database\MySQLi\Connection.php(292): mysqli->query('SELECT `tbl_for...', 0)
#1 C:\xampp\htdocs\app-sip\vendor\codeigniter4\framework\system\Database\BaseConnection.php(670): CodeIgniter\Database\MySQLi\Connection->execute('SELECT `tbl_for...')
#2 C:\xampp\htdocs\app-sip\vendor\codeigniter4\framework\system\Database\BaseConnection.php(598): CodeIgniter\Database\BaseConnection->simpleQuery('SELECT `tbl_for...')
#3 C:\xampp\htdocs\app-sip\vendor\codeigniter4\framework\system\Database\BaseBuilder.php(1455): CodeIgniter\Database\BaseConnection->query('SELECT `tbl_for...', Array, false)
#4 C:\xampp\htdocs\app-sip\app\Models\FormasiModel.php(60): CodeIgniter\Database\BaseBuilder->get()
#5 C:\xampp\htdocs\app-sip\app\Controllers\DataFormasi.php(81): App\Models\FormasiModel->get_datatables('IV')
#6 C:\xampp\htdocs\app-sip\vendor\codeigniter4\framework\system\CodeIgniter.php(832): App\Controllers\DataFormasi->ajaxDataFormasi('IV')
#7 C:\xampp\htdocs\app-sip\vendor\codeigniter4\framework\system\CodeIgniter.php(419): CodeIgniter\CodeIgniter->runController(Object(App\Controllers\DataFormasi))
#8 C:\xampp\htdocs\app-sip\vendor\codeigniter4\framework\system\CodeIgniter.php(326): CodeIgniter\CodeIgniter->handleRequest(NULL, Object(Config\Cache), false)
#9 C:\xampp\htdocs\app-sip\public\index.php(37): CodeIgniter\CodeIgniter->run()
#10 C:\xampp\htdocs\app-sip\vendor\codeigniter4\framework\system\Commands\Server\rewrite.php(43): require_once('C:\\xampp\\htdocs...')
#11 {main}
ERROR - 2022-03-14 01:29:42 --> Unknown column 'tbl_formasi.instansi_uker' in 'field list'
CRITICAL - 2022-03-14 01:29:42 --> Unknown column 'tbl_formasi.instansi_uker' in 'field list'
#0 C:\xampp\htdocs\app-sip\vendor\codeigniter4\framework\system\Database\MySQLi\Connection.php(292): mysqli->query('SELECT `tbl_for...', 0)
#1 C:\xampp\htdocs\app-sip\vendor\codeigniter4\framework\system\Database\BaseConnection.php(670): CodeIgniter\Database\MySQLi\Connection->execute('SELECT `tbl_for...')
#2 C:\xampp\htdocs\app-sip\vendor\codeigniter4\framework\system\Database\BaseConnection.php(598): CodeIgniter\Database\BaseConnection->simpleQuery('SELECT `tbl_for...')
#3 C:\xampp\htdocs\app-sip\vendor\codeigniter4\framework\system\Database\BaseBuilder.php(1455): CodeIgniter\Database\BaseConnection->query('SELECT `tbl_for...', Array, false)
#4 C:\xampp\htdocs\app-sip\app\Models\FormasiModel.php(60): CodeIgniter\Database\BaseBuilder->get()
#5 C:\xampp\htdocs\app-sip\app\Controllers\DataFormasi.php(81): App\Models\FormasiModel->get_datatables('IV')
#6 C:\xampp\htdocs\app-sip\vendor\codeigniter4\framework\system\CodeIgniter.php(832): App\Controllers\DataFormasi->ajaxDataFormasi('IV')
#7 C:\xampp\htdocs\app-sip\vendor\codeigniter4\framework\system\CodeIgniter.php(419): CodeIgniter\CodeIgniter->runController(Object(App\Controllers\DataFormasi))
#8 C:\xampp\htdocs\app-sip\vendor\codeigniter4\framework\system\CodeIgniter.php(326): CodeIgniter\CodeIgniter->handleRequest(NULL, Object(Config\Cache), false)
#9 C:\xampp\htdocs\app-sip\public\index.php(37): CodeIgniter\CodeIgniter->run()
#10 C:\xampp\htdocs\app-sip\vendor\codeigniter4\framework\system\Commands\Server\rewrite.php(43): require_once('C:\\xampp\\htdocs...')
#11 {main}
ERROR - 2022-03-14 01:30:17 --> Unknown column 'tbl_formasi.instansi_unor' in 'where clause'
CRITICAL - 2022-03-14 01:30:17 --> Unknown column 'tbl_formasi.instansi_unor' in 'where clause'
#0 C:\xampp\htdocs\app-sip\vendor\codeigniter4\framework\system\Database\MySQLi\Connection.php(292): mysqli->query('SELECT `tbl_for...', 0)
#1 C:\xampp\htdocs\app-sip\vendor\codeigniter4\framework\system\Database\BaseConnection.php(670): CodeIgniter\Database\MySQLi\Connection->execute('SELECT `tbl_for...')
#2 C:\xampp\htdocs\app-sip\vendor\codeigniter4\framework\system\Database\BaseConnection.php(598): CodeIgniter\Database\BaseConnection->simpleQuery('SELECT `tbl_for...')
#3 C:\xampp\htdocs\app-sip\vendor\codeigniter4\framework\system\Database\BaseBuilder.php(1455): CodeIgniter\Database\BaseConnection->query('SELECT `tbl_for...', Array, false)
#4 C:\xampp\htdocs\app-sip\app\Models\FormasiModel.php(60): CodeIgniter\Database\BaseBuilder->get()
#5 C:\xampp\htdocs\app-sip\app\Controllers\DataFormasi.php(81): App\Models\FormasiModel->get_datatables('IV')
#6 C:\xampp\htdocs\app-sip\vendor\codeigniter4\framework\system\CodeIgniter.php(832): App\Controllers\DataFormasi->ajaxDataFormasi('IV')
#7 C:\xampp\htdocs\app-sip\vendor\codeigniter4\framework\system\CodeIgniter.php(419): CodeIgniter\CodeIgniter->runController(Object(App\Controllers\DataFormasi))
#8 C:\xampp\htdocs\app-sip\vendor\codeigniter4\framework\system\CodeIgniter.php(326): CodeIgniter\CodeIgniter->handleRequest(NULL, Object(Config\Cache), false)
#9 C:\xampp\htdocs\app-sip\public\index.php(37): CodeIgniter\CodeIgniter->run()
#10 C:\xampp\htdocs\app-sip\vendor\codeigniter4\framework\system\Commands\Server\rewrite.php(43): require_once('C:\\xampp\\htdocs...')
#11 {main}
ERROR - 2022-03-14 01:31:16 --> Column 'instansi_id' in where clause is ambiguous
CRITICAL - 2022-03-14 01:31:16 --> Column 'instansi_id' in where clause is ambiguous
#0 C:\xampp\htdocs\app-sip\vendor\codeigniter4\framework\system\Database\MySQLi\Connection.php(292): mysqli->query('SELECT `tbl_for...', 0)
#1 C:\xampp\htdocs\app-sip\vendor\codeigniter4\framework\system\Database\BaseConnection.php(670): CodeIgniter\Database\MySQLi\Connection->execute('SELECT `tbl_for...')
#2 C:\xampp\htdocs\app-sip\vendor\codeigniter4\framework\system\Database\BaseConnection.php(598): CodeIgniter\Database\BaseConnection->simpleQuery('SELECT `tbl_for...')
#3 C:\xampp\htdocs\app-sip\vendor\codeigniter4\framework\system\Database\BaseBuilder.php(1455): CodeIgniter\Database\BaseConnection->query('SELECT `tbl_for...', Array, false)
#4 C:\xampp\htdocs\app-sip\app\Models\FormasiModel.php(60): CodeIgniter\Database\BaseBuilder->get()
#5 C:\xampp\htdocs\app-sip\app\Controllers\DataFormasi.php(81): App\Models\FormasiModel->get_datatables('IV')
#6 C:\xampp\htdocs\app-sip\vendor\codeigniter4\framework\system\CodeIgniter.php(832): App\Controllers\DataFormasi->ajaxDataFormasi('IV')
#7 C:\xampp\htdocs\app-sip\vendor\codeigniter4\framework\system\CodeIgniter.php(419): CodeIgniter\CodeIgniter->runController(Object(App\Controllers\DataFormasi))
#8 C:\xampp\htdocs\app-sip\vendor\codeigniter4\framework\system\CodeIgniter.php(326): CodeIgniter\CodeIgniter->handleRequest(NULL, Object(Config\Cache), false)
#9 C:\xampp\htdocs\app-sip\public\index.php(37): CodeIgniter\CodeIgniter->run()
#10 C:\xampp\htdocs\app-sip\vendor\codeigniter4\framework\system\Commands\Server\rewrite.php(43): require_once('C:\\xampp\\htdocs...')
#11 {main}
ERROR - 2022-03-14 01:39:30 --> Table 'app-sipdb.tbl_detail_usulan' doesn't exist
CRITICAL - 2022-03-14 01:39:30 --> Table 'app-sipdb.tbl_detail_usulan' doesn't exist
#0 D:\xampp\htdocs\app-sip\vendor\codeigniter4\framework\system\Database\MySQLi\Connection.php(292): mysqli->query('SELECT *\nFROM `...', 0)
#1 D:\xampp\htdocs\app-sip\vendor\codeigniter4\framework\system\Database\BaseConnection.php(670): CodeIgniter\Database\MySQLi\Connection->execute('SELECT *\nFROM `...')
#2 D:\xampp\htdocs\app-sip\vendor\codeigniter4\framework\system\Database\BaseConnection.php(598): CodeIgniter\Database\BaseConnection->simpleQuery('SELECT *\nFROM `...')
#3 D:\xampp\htdocs\app-sip\vendor\codeigniter4\framework\system\Database\BaseBuilder.php(1455): CodeIgniter\Database\BaseConnection->query('SELECT *\nFROM `...', Array, false)
#4 D:\xampp\htdocs\app-sip\app\Models\UsulanModel.php(58): CodeIgniter\Database\BaseBuilder->get()
#5 D:\xampp\htdocs\app-sip\app\Controllers\DataUsulan.php(43): App\Models\UsulanModel->getDetailUsulanByID('2')
#6 D:\xampp\htdocs\app-sip\vendor\codeigniter4\framework\system\CodeIgniter.php(832): App\Controllers\DataUsulan->detail_usulan('2')
#7 D:\xampp\htdocs\app-sip\vendor\codeigniter4\framework\system\CodeIgniter.php(419): CodeIgniter\CodeIgniter->runController(Object(App\Controllers\DataUsulan))
#8 D:\xampp\htdocs\app-sip\vendor\codeigniter4\framework\system\CodeIgniter.php(326): CodeIgniter\CodeIgniter->handleRequest(NULL, Object(Config\Cache), false)
#9 D:\xampp\htdocs\app-sip\public\index.php(37): CodeIgniter\CodeIgniter->run()
#10 D:\xampp\htdocs\app-sip\vendor\codeigniter4\framework\system\Commands\Server\rewrite.php(43): require_once('D:\\xampp\\htdocs...')
#11 {main}
ERROR - 2022-03-14 01:53:25 --> Table 'app-sipdb.tbl_detail_usulan' doesn't exist
CRITICAL - 2022-03-14 01:53:25 --> Table 'app-sipdb.tbl_detail_usulan' doesn't exist
#0 D:\xampp\htdocs\app-sip\vendor\codeigniter4\framework\system\Database\MySQLi\Connection.php(292): mysqli->query('SELECT *\nFROM `...', 0)
#1 D:\xampp\htdocs\app-sip\vendor\codeigniter4\framework\system\Database\BaseConnection.php(670): CodeIgniter\Database\MySQLi\Connection->execute('SELECT *\nFROM `...')
#2 D:\xampp\htdocs\app-sip\vendor\codeigniter4\framework\system\Database\BaseConnection.php(598): CodeIgniter\Database\BaseConnection->simpleQuery('SELECT *\nFROM `...')
#3 D:\xampp\htdocs\app-sip\vendor\codeigniter4\framework\system\Database\BaseBuilder.php(1455): CodeIgniter\Database\BaseConnection->query('SELECT *\nFROM `...', Array, false)
#4 D:\xampp\htdocs\app-sip\app\Models\UsulanModel.php(58): CodeIgniter\Database\BaseBuilder->get()
#5 D:\xampp\htdocs\app-sip\app\Controllers\DataUsulan.php(43): App\Models\UsulanModel->getDetailUsulanByID('2')
#6 D:\xampp\htdocs\app-sip\vendor\codeigniter4\framework\system\CodeIgniter.php(832): App\Controllers\DataUsulan->detail_usulan('2')
#7 D:\xampp\htdocs\app-sip\vendor\codeigniter4\framework\system\CodeIgniter.php(419): CodeIgniter\CodeIgniter->runController(Object(App\Controllers\DataUsulan))
#8 D:\xampp\htdocs\app-sip\vendor\codeigniter4\framework\system\CodeIgniter.php(326): CodeIgniter\CodeIgniter->handleRequest(NULL, Object(Config\Cache), false)
#9 D:\xampp\htdocs\app-sip\public\index.php(37): CodeIgniter\CodeIgniter->run()
#10 D:\xampp\htdocs\app-sip\vendor\codeigniter4\framework\system\Commands\Server\rewrite.php(43): require_once('D:\\xampp\\htdocs...')
#11 {main}
ERROR - 2022-03-14 01:54:00 --> Table 'app-sipdb.tbl_instansi' doesn't exist
CRITICAL - 2022-03-14 01:54:00 --> Table 'app-sipdb.tbl_instansi' doesn't exist
#0 D:\xampp\htdocs\app-sip\vendor\codeigniter4\framework\system\Database\MySQLi\Connection.php(292): mysqli->query('SELECT *\nFROM `...', 0)
#1 D:\xampp\htdocs\app-sip\vendor\codeigniter4\framework\system\Database\BaseConnection.php(670): CodeIgniter\Database\MySQLi\Connection->execute('SELECT *\nFROM `...')
#2 D:\xampp\htdocs\app-sip\vendor\codeigniter4\framework\system\Database\BaseConnection.php(598): CodeIgniter\Database\BaseConnection->simpleQuery('SELECT *\nFROM `...')
#3 D:\xampp\htdocs\app-sip\vendor\codeigniter4\framework\system\Database\BaseBuilder.php(1455): CodeIgniter\Database\BaseConnection->query('SELECT *\nFROM `...', Array, false)
#4 D:\xampp\htdocs\app-sip\app\Models\UsulanModel.php(34): CodeIgniter\Database\BaseBuilder->get()
#5 D:\xampp\htdocs\app-sip\app\Controllers\DataUsulan.php(32): App\Models\UsulanModel->getUsulan('2022')
#6 D:\xampp\htdocs\app-sip\vendor\codeigniter4\framework\system\CodeIgniter.php(832): App\Controllers\DataUsulan->index()
#7 D:\xampp\htdocs\app-sip\vendor\codeigniter4\framework\system\CodeIgniter.php(419): CodeIgniter\CodeIgniter->runController(Object(App\Controllers\DataUsulan))
#8 D:\xampp\htdocs\app-sip\vendor\codeigniter4\framework\system\CodeIgniter.php(326): CodeIgniter\CodeIgniter->handleRequest(NULL, Object(Config\Cache), false)
#9 D:\xampp\htdocs\app-sip\public\index.php(37): CodeIgniter\CodeIgniter->run()
#10 D:\xampp\htdocs\app-sip\vendor\codeigniter4\framework\system\Commands\Server\rewrite.php(43): require_once('D:\\xampp\\htdocs...')
#11 {main}
CRITICAL - 2022-03-14 02:09:24 --> syntax error, unexpected 'return' (T_RETURN)
#0 D:\xampp\htdocs\app-sip\vendor\codeigniter4\framework\system\Autoloader\Autoloader.php(241): CodeIgniter\Autoloader\Autoloader->includeFile('D:\\xampp\\htdocs...')
#1 D:\xampp\htdocs\app-sip\vendor\codeigniter4\framework\system\Autoloader\Autoloader.php(219): CodeIgniter\Autoloader\Autoloader->loadInNamespace('App\\Models\\Usul...')
#2 [internal function]: CodeIgniter\Autoloader\Autoloader->loadClass('App\\Models\\Usul...')
#3 D:\xampp\htdocs\app-sip\app\Controllers\DataUsulan.php(18): spl_autoload_call('App\\Models\\Usul...')
#4 D:\xampp\htdocs\app-sip\vendor\codeigniter4\framework\system\CodeIgniter.php(809): App\Controllers\DataUsulan->__construct()
#5 D:\xampp\htdocs\app-sip\vendor\codeigniter4\framework\system\CodeIgniter.php(410): CodeIgniter\CodeIgniter->createController()
#6 D:\xampp\htdocs\app-sip\vendor\codeigniter4\framework\system\CodeIgniter.php(326): CodeIgniter\CodeIgniter->handleRequest(NULL, Object(Config\Cache), false)
#7 D:\xampp\htdocs\app-sip\public\index.php(37): CodeIgniter\CodeIgniter->run()
#8 D:\xampp\htdocs\app-sip\vendor\codeigniter4\framework\system\Commands\Server\rewrite.php(43): require_once('D:\\xampp\\htdocs...')
#9 {main}
CRITICAL - 2022-03-14 02:09:49 --> Call to undefined method CodeIgniter\Database\MySQLi\Builder::getResult()
#0 D:\xampp\htdocs\app-sip\vendor\codeigniter4\framework\system\CodeIgniter.php(832): App\Controllers\DataUsulan->detail_usulan('2')
#1 D:\xampp\htdocs\app-sip\vendor\codeigniter4\framework\system\CodeIgniter.php(419): CodeIgniter\CodeIgniter->runController(Object(App\Controllers\DataUsulan))
#2 D:\xampp\htdocs\app-sip\vendor\codeigniter4\framework\system\CodeIgniter.php(326): CodeIgniter\CodeIgniter->handleRequest(NULL, Object(Config\Cache), false)
#3 D:\xampp\htdocs\app-sip\public\index.php(37): CodeIgniter\CodeIgniter->run()
#4 D:\xampp\htdocs\app-sip\vendor\codeigniter4\framework\system\Commands\Server\rewrite.php(43): require_once('D:\\xampp\\htdocs...')
#5 {main}
CRITICAL - 2022-03-14 02:10:41 --> Too few arguments to function App\Models\UsulanModel::getCountPegawaiExisting(), 0 passed in D:\xampp\htdocs\app-sip\app\Controllers\DataUsulan.php on line 44 and exactly 1 expected
#0 D:\xampp\htdocs\app-sip\app\Controllers\DataUsulan.php(44): App\Models\UsulanModel->getCountPegawaiExisting()
#1 D:\xampp\htdocs\app-sip\vendor\codeigniter4\framework\system\CodeIgniter.php(832): App\Controllers\DataUsulan->detail_usulan('2')
#2 D:\xampp\htdocs\app-sip\vendor\codeigniter4\framework\system\CodeIgniter.php(419): CodeIgniter\CodeIgniter->runController(Object(App\Controllers\DataUsulan))
#3 D:\xampp\htdocs\app-sip\vendor\codeigniter4\framework\system\CodeIgniter.php(326): CodeIgniter\CodeIgniter->handleRequest(NULL, Object(Config\Cache), false)
#4 D:\xampp\htdocs\app-sip\public\index.php(37): CodeIgniter\CodeIgniter->run()
#5 D:\xampp\htdocs\app-sip\vendor\codeigniter4\framework\system\Commands\Server\rewrite.php(43): require_once('D:\\xampp\\htdocs...')
#6 {main}
CRITICAL - 2022-03-14 02:10:59 --> Call to undefined method CodeIgniter\Database\MySQLi\Builder::getResult()
#0 D:\xampp\htdocs\app-sip\vendor\codeigniter4\framework\system\CodeIgniter.php(832): App\Controllers\DataUsulan->detail_usulan('2')
#1 D:\xampp\htdocs\app-sip\vendor\codeigniter4\framework\system\CodeIgniter.php(419): CodeIgniter\CodeIgniter->runController(Object(App\Controllers\DataUsulan))
#2 D:\xampp\htdocs\app-sip\vendor\codeigniter4\framework\system\CodeIgniter.php(326): CodeIgniter\CodeIgniter->handleRequest(NULL, Object(Config\Cache), false)
#3 D:\xampp\htdocs\app-sip\public\index.php(37): CodeIgniter\CodeIgniter->run()
#4 D:\xampp\htdocs\app-sip\vendor\codeigniter4\framework\system\Commands\Server\rewrite.php(43): require_once('D:\\xampp\\htdocs...')
#5 {main}
CRITICAL - 2022-03-14 02:11:58 --> Undefined variable: count_pegawai
#0 D:\xampp\htdocs\app-sip\app\Controllers\DataUsulan.php(46): CodeIgniter\Debug\Exceptions->errorHandler(8, 'Undefined varia...', 'D:\\xampp\\htdocs...', 46, Array)
#1 D:\xampp\htdocs\app-sip\vendor\codeigniter4\framework\system\CodeIgniter.php(832): App\Controllers\DataUsulan->detail_usulan('2')
#2 D:\xampp\htdocs\app-sip\vendor\codeigniter4\framework\system\CodeIgniter.php(419): CodeIgniter\CodeIgniter->runController(Object(App\Controllers\DataUsulan))
#3 D:\xampp\htdocs\app-sip\vendor\codeigniter4\framework\system\CodeIgniter.php(326): CodeIgniter\CodeIgniter->handleRequest(NULL, Object(Config\Cache), false)
#4 D:\xampp\htdocs\app-sip\public\index.php(37): CodeIgniter\CodeIgniter->run()
#5 D:\xampp\htdocs\app-sip\vendor\codeigniter4\framework\system\Commands\Server\rewrite.php(43): require_once('D:\\xampp\\htdocs...')
#6 {main}
CRITICAL - 2022-03-14 08:15:47 --> Call to undefined method App\Models\UsulanModel::getABKpegawai
#0 D:\xampp\htdocs\app-sip\app\Controllers\DataUsulan.php(44): CodeIgniter\Model->__call('getABKpegawai', Array)
#1 D:\xampp\htdocs\app-sip\vendor\codeigniter4\framework\system\CodeIgniter.php(832): App\Controllers\DataUsulan->detail_usulan('2')
#2 D:\xampp\htdocs\app-sip\vendor\codeigniter4\framework\system\CodeIgniter.php(419): CodeIgniter\CodeIgniter->runController(Object(App\Controllers\DataUsulan))
#3 D:\xampp\htdocs\app-sip\vendor\codeigniter4\framework\system\CodeIgniter.php(326): CodeIgniter\CodeIgniter->handleRequest(NULL, Object(Config\Cache), false)
#4 D:\xampp\htdocs\app-sip\public\index.php(37): CodeIgniter\CodeIgniter->run()
#5 D:\xampp\htdocs\app-sip\vendor\codeigniter4\framework\system\Commands\Server\rewrite.php(43): require_once('D:\\xampp\\htdocs...')
#6 {main}
ERROR - 2022-03-14 08:17:29 --> Column 'instansi_id' in where clause is ambiguous
CRITICAL - 2022-03-14 08:17:29 --> Column 'instansi_id' in where clause is ambiguous
#0 D:\xampp\htdocs\app-sip\vendor\codeigniter4\framework\system\Database\MySQLi\Connection.php(292): mysqli->query('SELECT `tbl_for...', 0)
#1 D:\xampp\htdocs\app-sip\vendor\codeigniter4\framework\system\Database\BaseConnection.php(670): CodeIgniter\Database\MySQLi\Connection->execute('SELECT `tbl_for...')
#2 D:\xampp\htdocs\app-sip\vendor\codeigniter4\framework\system\Database\BaseConnection.php(598): CodeIgniter\Database\BaseConnection->simpleQuery('SELECT `tbl_for...')
#3 D:\xampp\htdocs\app-sip\vendor\codeigniter4\framework\system\Database\BaseBuilder.php(1455): CodeIgniter\Database\BaseConnection->query('SELECT `tbl_for...', Array, false)
#4 D:\xampp\htdocs\app-sip\app\Models\FormasiModel.php(60): CodeIgniter\Database\BaseBuilder->get()
#5 D:\xampp\htdocs\app-sip\app\Controllers\DataFormasi.php(81): App\Models\FormasiModel->get_datatables('IH')
#6 D:\xampp\htdocs\app-sip\vendor\codeigniter4\framework\system\CodeIgniter.php(832): App\Controllers\DataFormasi->ajaxDataFormasi('IH')
#7 D:\xampp\htdocs\app-sip\vendor\codeigniter4\framework\system\CodeIgniter.php(419): CodeIgniter\CodeIgniter->runController(Object(App\Controllers\DataFormasi))
#8 D:\xampp\htdocs\app-sip\vendor\codeigniter4\framework\system\CodeIgniter.php(326): CodeIgniter\CodeIgniter->handleRequest(NULL, Object(Config\Cache), false)
#9 D:\xampp\htdocs\app-sip\public\index.php(37): CodeIgniter\CodeIgniter->run()
#10 D:\xampp\htdocs\app-sip\vendor\codeigniter4\framework\system\Commands\Server\rewrite.php(43): require_once('D:\\xampp\\htdocs...')
#11 {main}
ERROR - 2022-03-14 08:17:29 --> Column 'instansi_id' in where clause is ambiguous
CRITICAL - 2022-03-14 08:17:29 --> Column 'instansi_id' in where clause is ambiguous
#0 D:\xampp\htdocs\app-sip\vendor\codeigniter4\framework\system\Database\MySQLi\Connection.php(292): mysqli->query('SELECT `tbl_for...', 0)
#1 D:\xampp\htdocs\app-sip\vendor\codeigniter4\framework\system\Database\BaseConnection.php(670): CodeIgniter\Database\MySQLi\Connection->execute('SELECT `tbl_for...')
#2 D:\xampp\htdocs\app-sip\vendor\codeigniter4\framework\system\Database\BaseConnection.php(598): CodeIgniter\Database\BaseConnection->simpleQuery('SELECT `tbl_for...')
#3 D:\xampp\htdocs\app-sip\vendor\codeigniter4\framework\system\Database\BaseBuilder.php(1455): CodeIgniter\Database\BaseConnection->query('SELECT `tbl_for...', Array, false)
#4 D:\xampp\htdocs\app-sip\app\Models\FormasiModel.php(60): CodeIgniter\Database\BaseBuilder->get()
#5 D:\xampp\htdocs\app-sip\app\Controllers\DataFormasi.php(81): App\Models\FormasiModel->get_datatables('IH')
#6 D:\xampp\htdocs\app-sip\vendor\codeigniter4\framework\system\CodeIgniter.php(832): App\Controllers\DataFormasi->ajaxDataFormasi('IH')
#7 D:\xampp\htdocs\app-sip\vendor\codeigniter4\framework\system\CodeIgniter.php(419): CodeIgniter\CodeIgniter->runController(Object(App\Controllers\DataFormasi))
#8 D:\xampp\htdocs\app-sip\vendor\codeigniter4\framework\system\CodeIgniter.php(326): CodeIgniter\CodeIgniter->handleRequest(NULL, Object(Config\Cache), false)
#9 D:\xampp\htdocs\app-sip\public\index.php(37): CodeIgniter\CodeIgniter->run()
#10 D:\xampp\htdocs\app-sip\vendor\codeigniter4\framework\system\Commands\Server\rewrite.php(43): require_once('D:\\xampp\\htdocs...')
#11 {main}
ERROR - 2022-03-14 08:17:32 --> Column 'instansi_id' in where clause is ambiguous
CRITICAL - 2022-03-14 08:17:32 --> Column 'instansi_id' in where clause is ambiguous
#0 D:\xampp\htdocs\app-sip\vendor\codeigniter4\framework\system\Database\MySQLi\Connection.php(292): mysqli->query('SELECT `tbl_for...', 0)
#1 D:\xampp\htdocs\app-sip\vendor\codeigniter4\framework\system\Database\BaseConnection.php(670): CodeIgniter\Database\MySQLi\Connection->execute('SELECT `tbl_for...')
#2 D:\xampp\htdocs\app-sip\vendor\codeigniter4\framework\system\Database\BaseConnection.php(598): CodeIgniter\Database\BaseConnection->simpleQuery('SELECT `tbl_for...')
#3 D:\xampp\htdocs\app-sip\vendor\codeigniter4\framework\system\Database\BaseBuilder.php(1455): CodeIgniter\Database\BaseConnection->query('SELECT `tbl_for...', Array, false)
#4 D:\xampp\htdocs\app-sip\app\Models\FormasiModel.php(60): CodeIgniter\Database\BaseBuilder->get()
#5 D:\xampp\htdocs\app-sip\app\Controllers\DataFormasi.php(81): App\Models\FormasiModel->get_datatables('IH')
#6 D:\xampp\htdocs\app-sip\vendor\codeigniter4\framework\system\CodeIgniter.php(832): App\Controllers\DataFormasi->ajaxDataFormasi('IH')
#7 D:\xampp\htdocs\app-sip\vendor\codeigniter4\framework\system\CodeIgniter.php(419): CodeIgniter\CodeIgniter->runController(Object(App\Controllers\DataFormasi))
#8 D:\xampp\htdocs\app-sip\vendor\codeigniter4\framework\system\CodeIgniter.php(326): CodeIgniter\CodeIgniter->handleRequest(NULL, Object(Config\Cache), false)
#9 D:\xampp\htdocs\app-sip\public\index.php(37): CodeIgniter\CodeIgniter->run()
#10 D:\xampp\htdocs\app-sip\vendor\codeigniter4\framework\system\Commands\Server\rewrite.php(43): require_once('D:\\xampp\\htdocs...')
#11 {main}
CRITICAL - 2022-03-14 08:22:02 --> Call to undefined method App\Models\UsulanModel::getABKpegawai
#0 D:\xampp\htdocs\app-sip\app\Controllers\DataUsulan.php(44): CodeIgniter\Model->__call('getABKpegawai', Array)
#1 D:\xampp\htdocs\app-sip\vendor\codeigniter4\framework\system\CodeIgniter.php(832): App\Controllers\DataUsulan->detail_usulan('2')
#2 D:\xampp\htdocs\app-sip\vendor\codeigniter4\framework\system\CodeIgniter.php(419): CodeIgniter\CodeIgniter->runController(Object(App\Controllers\DataUsulan))
#3 D:\xampp\htdocs\app-sip\vendor\codeigniter4\framework\system\CodeIgniter.php(326): CodeIgniter\CodeIgniter->handleRequest(NULL, Object(Config\Cache), false)
#4 D:\xampp\htdocs\app-sip\public\index.php(37): CodeIgniter\CodeIgniter->run()
#5 D:\xampp\htdocs\app-sip\vendor\codeigniter4\framework\system\Commands\Server\rewrite.php(43): require_once('D:\\xampp\\htdocs...')
#6 {main}
CRITICAL - 2022-03-14 08:31:11 --> syntax error, unexpected 'class' (T_CLASS), expecting ')'
#0 D:\xampp\htdocs\app-sip\vendor\codeigniter4\framework\system\View\View.php(213): CodeIgniter\View\View->CodeIgniter\View\{closure}()
#1 D:\xampp\htdocs\app-sip\vendor\codeigniter4\framework\system\Common.php(1089): CodeIgniter\View\View->render('v_dataUsulan/in...', Array, true)
#2 D:\xampp\htdocs\app-sip\app\Controllers\DataUsulan.php(34): view('v_dataUsulan/in...', Array)
#3 D:\xampp\htdocs\app-sip\vendor\codeigniter4\framework\system\CodeIgniter.php(832): App\Controllers\DataUsulan->index()
#4 D:\xampp\htdocs\app-sip\vendor\codeigniter4\framework\system\CodeIgniter.php(419): CodeIgniter\CodeIgniter->runController(Object(App\Controllers\DataUsulan))
#5 D:\xampp\htdocs\app-sip\vendor\codeigniter4\framework\system\CodeIgniter.php(326): CodeIgniter\CodeIgniter->handleRequest(NULL, Object(Config\Cache), false)
#6 D:\xampp\htdocs\app-sip\public\index.php(37): CodeIgniter\CodeIgniter->run()
#7 D:\xampp\htdocs\app-sip\vendor\codeigniter4\framework\system\Commands\Server\rewrite.php(43): require_once('D:\\xampp\\htdocs...')
#8 {main}
CRITICAL - 2022-03-14 08:32:12 --> syntax error, unexpected 'class' (T_CLASS), expecting ')'
#0 D:\xampp\htdocs\app-sip\vendor\codeigniter4\framework\system\View\View.php(213): CodeIgniter\View\View->CodeIgniter\View\{closure}()
#1 D:\xampp\htdocs\app-sip\vendor\codeigniter4\framework\system\Common.php(1089): CodeIgniter\View\View->render('v_dataUsulan/in...', Array, true)
#2 D:\xampp\htdocs\app-sip\app\Controllers\DataUsulan.php(34): view('v_dataUsulan/in...', Array)
#3 D:\xampp\htdocs\app-sip\vendor\codeigniter4\framework\system\CodeIgniter.php(832): App\Controllers\DataUsulan->index()
#4 D:\xampp\htdocs\app-sip\vendor\codeigniter4\framework\system\CodeIgniter.php(419): CodeIgniter\CodeIgniter->runController(Object(App\Controllers\DataUsulan))
#5 D:\xampp\htdocs\app-sip\vendor\codeigniter4\framework\system\CodeIgniter.php(326): CodeIgniter\CodeIgniter->handleRequest(NULL, Object(Config\Cache), false)
#6 D:\xampp\htdocs\app-sip\public\index.php(37): CodeIgniter\CodeIgniter->run()
#7 D:\xampp\htdocs\app-sip\vendor\codeigniter4\framework\system\Commands\Server\rewrite.php(43): require_once('D:\\xampp\\htdocs...')
#8 {main}
CRITICAL - 2022-03-14 08:32:14 --> syntax error, unexpected 'class' (T_CLASS), expecting ')'
#0 D:\xampp\htdocs\app-sip\vendor\codeigniter4\framework\system\View\View.php(213): CodeIgniter\View\View->CodeIgniter\View\{closure}()
#1 D:\xampp\htdocs\app-sip\vendor\codeigniter4\framework\system\Common.php(1089): CodeIgniter\View\View->render('v_dataUsulan/in...', Array, true)
#2 D:\xampp\htdocs\app-sip\app\Controllers\DataUsulan.php(34): view('v_dataUsulan/in...', Array)
#3 D:\xampp\htdocs\app-sip\vendor\codeigniter4\framework\system\CodeIgniter.php(832): App\Controllers\DataUsulan->index()
#4 D:\xampp\htdocs\app-sip\vendor\codeigniter4\framework\system\CodeIgniter.php(419): CodeIgniter\CodeIgniter->runController(Object(App\Controllers\DataUsulan))
#5 D:\xampp\htdocs\app-sip\vendor\codeigniter4\framework\system\CodeIgniter.php(326): CodeIgniter\CodeIgniter->handleRequest(NULL, Object(Config\Cache), false)
#6 D:\xampp\htdocs\app-sip\public\index.php(37): CodeIgniter\CodeIgniter->run()
#7 D:\xampp\htdocs\app-sip\vendor\codeigniter4\framework\system\Commands\Server\rewrite.php(43): require_once('D:\\xampp\\htdocs...')
#8 {main}
CRITICAL - 2022-03-14 08:32:38 --> Call to undefined method App\Models\UsulanModel::getJumlahKebutuhan
#0 D:\xampp\htdocs\app-sip\app\Controllers\DataUsulan.php(44): CodeIgniter\Model->__call('getJumlahKebutu...', Array)
#1 D:\xampp\htdocs\app-sip\vendor\codeigniter4\framework\system\CodeIgniter.php(832): App\Controllers\DataUsulan->detail_usulan('2')
#2 D:\xampp\htdocs\app-sip\vendor\codeigniter4\framework\system\CodeIgniter.php(419): CodeIgniter\CodeIgniter->runController(Object(App\Controllers\DataUsulan))
#3 D:\xampp\htdocs\app-sip\vendor\codeigniter4\framework\system\CodeIgniter.php(326): CodeIgniter\CodeIgniter->handleRequest(NULL, Object(Config\Cache), false)
#4 D:\xampp\htdocs\app-sip\public\index.php(37): CodeIgniter\CodeIgniter->run()
#5 D:\xampp\htdocs\app-sip\vendor\codeigniter4\framework\system\Commands\Server\rewrite.php(43): require_once('D:\\xampp\\htdocs...')
#6 {main}
CRITICAL - 2022-03-14 08:47:16 --> Call to undefined method App\Models\UsulanModel::getJumlahKebutuhan
#0 D:\xampp\htdocs\app-sip\app\Controllers\DataUsulan.php(44): CodeIgniter\Model->__call('getJumlahKebutu...', Array)
#1 D:\xampp\htdocs\app-sip\vendor\codeigniter4\framework\system\CodeIgniter.php(832): App\Controllers\DataUsulan->detail_usulan('2')
#2 D:\xampp\htdocs\app-sip\vendor\codeigniter4\framework\system\CodeIgniter.php(419): CodeIgniter\CodeIgniter->runController(Object(App\Controllers\DataUsulan))
#3 D:\xampp\htdocs\app-sip\vendor\codeigniter4\framework\system\CodeIgniter.php(326): CodeIgniter\CodeIgniter->handleRequest(NULL, Object(Config\Cache), false)
#4 D:\xampp\htdocs\app-sip\public\index.php(37): CodeIgniter\CodeIgniter->run()
#5 D:\xampp\htdocs\app-sip\vendor\codeigniter4\framework\system\Commands\Server\rewrite.php(43): require_once('D:\\xampp\\htdocs...')
#6 {main}
CRITICAL - 2022-03-14 08:48:32 --> Undefined variable: id
#0 D:\xampp\htdocs\app-sip\app\Models\UsulanModel.php(64): CodeIgniter\Debug\Exceptions->errorHandler(8, 'Undefined varia...', 'D:\\xampp\\htdocs...', 64, Array)
#1 D:\xampp\htdocs\app-sip\app\Controllers\DataUsulan.php(44): App\Models\UsulanModel->getJumlahKebutuhan()
#2 D:\xampp\htdocs\app-sip\vendor\codeigniter4\framework\system\CodeIgniter.php(832): App\Controllers\DataUsulan->detail_usulan('2')
#3 D:\xampp\htdocs\app-sip\vendor\codeigniter4\framework\system\CodeIgniter.php(419): CodeIgniter\CodeIgniter->runController(Object(App\Controllers\DataUsulan))
#4 D:\xampp\htdocs\app-sip\vendor\codeigniter4\framework\system\CodeIgniter.php(326): CodeIgniter\CodeIgniter->handleRequest(NULL, Object(Config\Cache), false)
#5 D:\xampp\htdocs\app-sip\public\index.php(37): CodeIgniter\CodeIgniter->run()
#6 D:\xampp\htdocs\app-sip\vendor\codeigniter4\framework\system\Commands\Server\rewrite.php(43): require_once('D:\\xampp\\htdocs...')
#7 {main}
CRITICAL - 2022-03-14 08:53:39 --> Too few arguments to function App\Models\UsulanModel::getJumlahKebutuhan(), 0 passed in D:\xampp\htdocs\app-sip\app\Controllers\DataUsulan.php on line 44 and exactly 1 expected
#0 D:\xampp\htdocs\app-sip\app\Controllers\DataUsulan.php(44): App\Models\UsulanModel->getJumlahKebutuhan()
#1 D:\xampp\htdocs\app-sip\vendor\codeigniter4\framework\system\CodeIgniter.php(832): App\Controllers\DataUsulan->detail_usulan('2')
#2 D:\xampp\htdocs\app-sip\vendor\codeigniter4\framework\system\CodeIgniter.php(419): CodeIgniter\CodeIgniter->runController(Object(App\Controllers\DataUsulan))
#3 D:\xampp\htdocs\app-sip\vendor\codeigniter4\framework\system\CodeIgniter.php(326): CodeIgniter\CodeIgniter->handleRequest(NULL, Object(Config\Cache), false)
#4 D:\xampp\htdocs\app-sip\public\index.php(37): CodeIgniter\CodeIgniter->run()
#5 D:\xampp\htdocs\app-sip\vendor\codeigniter4\framework\system\Commands\Server\rewrite.php(43): require_once('D:\\xampp\\htdocs...')
#6 {main}
CRITICAL - 2022-03-14 08:55:07 --> Call to undefined method CodeIgniter\Database\MySQLi\Builder::getResult()
#0 D:\xampp\htdocs\app-sip\vendor\codeigniter4\framework\system\CodeIgniter.php(832): App\Controllers\DataUsulan->detail_usulan('2')
#1 D:\xampp\htdocs\app-sip\vendor\codeigniter4\framework\system\CodeIgniter.php(419): CodeIgniter\CodeIgniter->runController(Object(App\Controllers\DataUsulan))
#2 D:\xampp\htdocs\app-sip\vendor\codeigniter4\framework\system\CodeIgniter.php(326): CodeIgniter\CodeIgniter->handleRequest(NULL, Object(Config\Cache), false)
#3 D:\xampp\htdocs\app-sip\public\index.php(37): CodeIgniter\CodeIgniter->run()
#4 D:\xampp\htdocs\app-sip\vendor\codeigniter4\framework\system\Commands\Server\rewrite.php(43): require_once('D:\\xampp\\htdocs...')
#5 {main}
CRITICAL - 2022-03-14 09:43:48 --> Undefined variable: db
#0 D:\xampp\htdocs\app-sip\app\Models\UsulanModel.php(68): CodeIgniter\Debug\Exceptions->errorHandler(8, 'Undefined varia...', 'D:\\xampp\\htdocs...', 68, Array)
#1 D:\xampp\htdocs\app-sip\app\Controllers\DataUsulan.php(44): App\Models\UsulanModel->getJumlahKebutuhan('2')
#2 D:\xampp\htdocs\app-sip\vendor\codeigniter4\framework\system\CodeIgniter.php(832): App\Controllers\DataUsulan->detail_usulan('2')
#3 D:\xampp\htdocs\app-sip\vendor\codeigniter4\framework\system\CodeIgniter.php(419): CodeIgniter\CodeIgniter->runController(Object(App\Controllers\DataUsulan))
#4 D:\xampp\htdocs\app-sip\vendor\codeigniter4\framework\system\CodeIgniter.php(326): CodeIgniter\CodeIgniter->handleRequest(NULL, Object(Config\Cache), false)
#5 D:\xampp\htdocs\app-sip\public\index.php(37): CodeIgniter\CodeIgniter->run()
#6 D:\xampp\htdocs\app-sip\vendor\codeigniter4\framework\system\Commands\Server\rewrite.php(43): require_once('D:\\xampp\\htdocs...')
#7 {main}
CRITICAL - 2022-03-14 09:44:08 --> Undefined variable: db
#0 D:\xampp\htdocs\app-sip\app\Models\UsulanModel.php(68): CodeIgniter\Debug\Exceptions->errorHandler(8, 'Undefined varia...', 'D:\\xampp\\htdocs...', 68, Array)
#1 D:\xampp\htdocs\app-sip\app\Controllers\DataUsulan.php(44): App\Models\UsulanModel->getJumlahKebutuhan('2')
#2 D:\xampp\htdocs\app-sip\vendor\codeigniter4\framework\system\CodeIgniter.php(832): App\Controllers\DataUsulan->detail_usulan('2')
#3 D:\xampp\htdocs\app-sip\vendor\codeigniter4\framework\system\CodeIgniter.php(419): CodeIgniter\CodeIgniter->runController(Object(App\Controllers\DataUsulan))
#4 D:\xampp\htdocs\app-sip\vendor\codeigniter4\framework\system\CodeIgniter.php(326): CodeIgniter\CodeIgniter->handleRequest(NULL, Object(Config\Cache), false)
#5 D:\xampp\htdocs\app-sip\public\index.php(37): CodeIgniter\CodeIgniter->run()
#6 D:\xampp\htdocs\app-sip\vendor\codeigniter4\framework\system\Commands\Server\rewrite.php(43): require_once('D:\\xampp\\htdocs...')
#7 {main}
CRITICAL - 2022-03-14 09:44:09 --> Undefined variable: db
#0 D:\xampp\htdocs\app-sip\app\Models\UsulanModel.php(68): CodeIgniter\Debug\Exceptions->errorHandler(8, 'Undefined varia...', 'D:\\xampp\\htdocs...', 68, Array)
#1 D:\xampp\htdocs\app-sip\app\Controllers\DataUsulan.php(44): App\Models\UsulanModel->getJumlahKebutuhan('2')
#2 D:\xampp\htdocs\app-sip\vendor\codeigniter4\framework\system\CodeIgniter.php(832): App\Controllers\DataUsulan->detail_usulan('2')
#3 D:\xampp\htdocs\app-sip\vendor\codeigniter4\framework\system\CodeIgniter.php(419): CodeIgniter\CodeIgniter->runController(Object(App\Controllers\DataUsulan))
#4 D:\xampp\htdocs\app-sip\vendor\codeigniter4\framework\system\CodeIgniter.php(326): CodeIgniter\CodeIgniter->handleRequest(NULL, Object(Config\Cache), false)
#5 D:\xampp\htdocs\app-sip\public\index.php(37): CodeIgniter\CodeIgniter->run()
#6 D:\xampp\htdocs\app-sip\vendor\codeigniter4\framework\system\Commands\Server\rewrite.php(43): require_once('D:\\xampp\\htdocs...')
#7 {main}
CRITICAL - 2022-03-14 09:44:52 --> syntax error, unexpected '<'
#0 D:\xampp\htdocs\app-sip\vendor\codeigniter4\framework\system\Router\Router.php(175): CodeIgniter\Router\Router->autoRoute('DataUsulan/deta...')
#1 D:\xampp\htdocs\app-sip\vendor\codeigniter4\framework\system\CodeIgniter.php(726): CodeIgniter\Router\Router->handle('DataUsulan/deta...')
#2 D:\xampp\htdocs\app-sip\vendor\codeigniter4\framework\system\CodeIgniter.php(368): CodeIgniter\CodeIgniter->tryToRouteIt(Object(CodeIgniter\Router\RouteCollection))
#3 D:\xampp\htdocs\app-sip\vendor\codeigniter4\framework\system\CodeIgniter.php(326): CodeIgniter\CodeIgniter->handleRequest(NULL, Object(Config\Cache), false)
#4 D:\xampp\htdocs\app-sip\public\index.php(37): CodeIgniter\CodeIgniter->run()
#5 D:\xampp\htdocs\app-sip\vendor\codeigniter4\framework\system\Commands\Server\rewrite.php(43): require_once('D:\\xampp\\htdocs...')
#6 {main}
CRITICAL - 2022-03-14 09:50:04 --> Undefined variable: getJumlahKebutuhan
#0 D:\xampp\htdocs\app-sip\app\Controllers\DataUsulan.php(46): CodeIgniter\Debug\Exceptions->errorHandler(8, 'Undefined varia...', 'D:\\xampp\\htdocs...', 46, Array)
#1 D:\xampp\htdocs\app-sip\vendor\codeigniter4\framework\system\CodeIgniter.php(832): App\Controllers\DataUsulan->detail_usulan('2')
#2 D:\xampp\htdocs\app-sip\vendor\codeigniter4\framework\system\CodeIgniter.php(419): CodeIgniter\CodeIgniter->runController(Object(App\Controllers\DataUsulan))
#3 D:\xampp\htdocs\app-sip\vendor\codeigniter4\framework\system\CodeIgniter.php(326): CodeIgniter\CodeIgniter->handleRequest(NULL, Object(Config\Cache), false)
#4 D:\xampp\htdocs\app-sip\public\index.php(37): CodeIgniter\CodeIgniter->run()
#5 D:\xampp\htdocs\app-sip\vendor\codeigniter4\framework\system\Commands\Server\rewrite.php(43): require_once('D:\\xampp\\htdocs...')
#6 {main}
CRITICAL - 2022-03-14 10:01:41 --> Array to string conversion
#0 D:\xampp\htdocs\app-sip\app\Models\UsulanModel.php(80): CodeIgniter\Debug\Exceptions->errorHandler(8, 'Array to string...', 'D:\\xampp\\htdocs...', 80, Array)
#1 D:\xampp\htdocs\app-sip\app\Controllers\DataUsulan.php(48): App\Models\UsulanModel->getJumlahKebutuhanFormasi(Array, Array)
#2 D:\xampp\htdocs\app-sip\vendor\codeigniter4\framework\system\CodeIgniter.php(832): App\Controllers\DataUsulan->detail_usulan('2')
#3 D:\xampp\htdocs\app-sip\vendor\codeigniter4\framework\system\CodeIgniter.php(419): CodeIgniter\CodeIgniter->runController(Object(App\Controllers\DataUsulan))
#4 D:\xampp\htdocs\app-sip\vendor\codeigniter4\framework\system\CodeIgniter.php(326): CodeIgniter\CodeIgniter->handleRequest(NULL, Object(Config\Cache), false)
#5 D:\xampp\htdocs\app-sip\public\index.php(37): CodeIgniter\CodeIgniter->run()
#6 D:\xampp\htdocs\app-sip\vendor\codeigniter4\framework\system\Commands\Server\rewrite.php(43): require_once('D:\\xampp\\htdocs...')
#7 {main}
CRITICAL - 2022-03-14 10:02:57 --> syntax error, unexpected '$getInstansiKodeByUsulan' (T_VARIABLE), expecting ')'
#0 D:\xampp\htdocs\app-sip\vendor\codeigniter4\framework\system\Autoloader\Autoloader.php(241): CodeIgniter\Autoloader\Autoloader->includeFile('D:\\xampp\\htdocs...')
#1 D:\xampp\htdocs\app-sip\vendor\codeigniter4\framework\system\Autoloader\Autoloader.php(219): CodeIgniter\Autoloader\Autoloader->loadInNamespace('App\\Models\\Usul...')
#2 [internal function]: CodeIgniter\Autoloader\Autoloader->loadClass('App\\Models\\Usul...')
#3 D:\xampp\htdocs\app-sip\app\Controllers\DataUsulan.php(18): spl_autoload_call('App\\Models\\Usul...')
#4 D:\xampp\htdocs\app-sip\vendor\codeigniter4\framework\system\CodeIgniter.php(809): App\Controllers\DataUsulan->__construct()
#5 D:\xampp\htdocs\app-sip\vendor\codeigniter4\framework\system\CodeIgniter.php(410): CodeIgniter\CodeIgniter->createController()
#6 D:\xampp\htdocs\app-sip\vendor\codeigniter4\framework\system\CodeIgniter.php(326): CodeIgniter\CodeIgniter->handleRequest(NULL, Object(Config\Cache), false)
#7 D:\xampp\htdocs\app-sip\public\index.php(37): CodeIgniter\CodeIgniter->run()
#8 D:\xampp\htdocs\app-sip\vendor\codeigniter4\framework\system\Commands\Server\rewrite.php(43): require_once('D:\\xampp\\htdocs...')
#9 {main}
CRITICAL - 2022-03-14 10:03:44 --> Array to string conversion
#0 D:\xampp\htdocs\app-sip\app\Models\UsulanModel.php(80): CodeIgniter\Debug\Exceptions->errorHandler(8, 'Array to string...', 'D:\\xampp\\htdocs...', 80, Array)
#1 D:\xampp\htdocs\app-sip\app\Controllers\DataUsulan.php(48): App\Models\UsulanModel->getJumlahKebutuhanFormasi(Array, Array)
#2 D:\xampp\htdocs\app-sip\vendor\codeigniter4\framework\system\CodeIgniter.php(832): App\Controllers\DataUsulan->detail_usulan('2')
#3 D:\xampp\htdocs\app-sip\vendor\codeigniter4\framework\system\CodeIgniter.php(419): CodeIgniter\CodeIgniter->runController(Object(App\Controllers\DataUsulan))
#4 D:\xampp\htdocs\app-sip\vendor\codeigniter4\framework\system\CodeIgniter.php(326): CodeIgniter\CodeIgniter->handleRequest(NULL, Object(Config\Cache), false)
#5 D:\xampp\htdocs\app-sip\public\index.php(37): CodeIgniter\CodeIgniter->run()
#6 D:\xampp\htdocs\app-sip\vendor\codeigniter4\framework\system\Commands\Server\rewrite.php(43): require_once('D:\\xampp\\htdocs...')
#7 {main}
CRITICAL - 2022-03-14 10:05:26 --> Array to string conversion
#0 D:\xampp\htdocs\app-sip\app\Models\UsulanModel.php(80): CodeIgniter\Debug\Exceptions->errorHandler(8, 'Array to string...', 'D:\\xampp\\htdocs...', 80, Array)
#1 D:\xampp\htdocs\app-sip\app\Controllers\DataUsulan.php(48): App\Models\UsulanModel->getJumlahKebutuhanFormasi(Array, Array)
#2 D:\xampp\htdocs\app-sip\vendor\codeigniter4\framework\system\CodeIgniter.php(832): App\Controllers\DataUsulan->detail_usulan('2')
#3 D:\xampp\htdocs\app-sip\vendor\codeigniter4\framework\system\CodeIgniter.php(419): CodeIgniter\CodeIgniter->runController(Object(App\Controllers\DataUsulan))
#4 D:\xampp\htdocs\app-sip\vendor\codeigniter4\framework\system\CodeIgniter.php(326): CodeIgniter\CodeIgniter->handleRequest(NULL, Object(Config\Cache), false)
#5 D:\xampp\htdocs\app-sip\public\index.php(37): CodeIgniter\CodeIgniter->run()
#6 D:\xampp\htdocs\app-sip\vendor\codeigniter4\framework\system\Commands\Server\rewrite.php(43): require_once('D:\\xampp\\htdocs...')
#7 {main}
CRITICAL - 2022-03-14 10:12:42 --> Array to string conversion
#0 D:\xampp\htdocs\app-sip\app\Models\UsulanModel.php(81): CodeIgniter\Debug\Exceptions->errorHandler(8, 'Array to string...', 'D:\\xampp\\htdocs...', 81, Array)
#1 D:\xampp\htdocs\app-sip\app\Controllers\DataUsulan.php(48): App\Models\UsulanModel->getJumlahKebutuhanFormasi(Array, Array)
#2 D:\xampp\htdocs\app-sip\vendor\codeigniter4\framework\system\CodeIgniter.php(832): App\Controllers\DataUsulan->detail_usulan('2')
#3 D:\xampp\htdocs\app-sip\vendor\codeigniter4\framework\system\CodeIgniter.php(419): CodeIgniter\CodeIgniter->runController(Object(App\Controllers\DataUsulan))
#4 D:\xampp\htdocs\app-sip\vendor\codeigniter4\framework\system\CodeIgniter.php(326): CodeIgniter\CodeIgniter->handleRequest(NULL, Object(Config\Cache), false)
#5 D:\xampp\htdocs\app-sip\public\index.php(37): CodeIgniter\CodeIgniter->run()
#6 D:\xampp\htdocs\app-sip\vendor\codeigniter4\framework\system\Commands\Server\rewrite.php(43): require_once('D:\\xampp\\htdocs...')
#7 {main}
CRITICAL - 2022-03-14 10:12:43 --> Array to string conversion
#0 D:\xampp\htdocs\app-sip\app\Models\UsulanModel.php(81): CodeIgniter\Debug\Exceptions->errorHandler(8, 'Array to string...', 'D:\\xampp\\htdocs...', 81, Array)
#1 D:\xampp\htdocs\app-sip\app\Controllers\DataUsulan.php(48): App\Models\UsulanModel->getJumlahKebutuhanFormasi(Array, Array)
#2 D:\xampp\htdocs\app-sip\vendor\codeigniter4\framework\system\CodeIgniter.php(832): App\Controllers\DataUsulan->detail_usulan('2')
#3 D:\xampp\htdocs\app-sip\vendor\codeigniter4\framework\system\CodeIgniter.php(419): CodeIgniter\CodeIgniter->runController(Object(App\Controllers\DataUsulan))
#4 D:\xampp\htdocs\app-sip\vendor\codeigniter4\framework\system\CodeIgniter.php(326): CodeIgniter\CodeIgniter->handleRequest(NULL, Object(Config\Cache), false)
#5 D:\xampp\htdocs\app-sip\public\index.php(37): CodeIgniter\CodeIgniter->run()
#6 D:\xampp\htdocs\app-sip\vendor\codeigniter4\framework\system\Commands\Server\rewrite.php(43): require_once('D:\\xampp\\htdocs...')
#7 {main}
CRITICAL - 2022-03-14 19:52:54 --> Undefined property: stdClass::$formasi_jumlah
#0 D:\xampp\htdocs\app-sip\app\Views\v_dataUsulan\detail_data_usulan.php(54): CodeIgniter\Debug\Exceptions->errorHandler(8, 'Undefined prope...', 'D:\\xampp\\htdocs...', 54, Array)
#1 D:\xampp\htdocs\app-sip\vendor\codeigniter4\framework\system\View\View.php(210): include('D:\\xampp\\htdocs...')
#2 D:\xampp\htdocs\app-sip\vendor\codeigniter4\framework\system\View\View.php(213): CodeIgniter\View\View->CodeIgniter\View\{closure}()
#3 D:\xampp\htdocs\app-sip\vendor\codeigniter4\framework\system\Common.php(1089): CodeIgniter\View\View->render('v_dataUsulan/de...', Array, true)
#4 D:\xampp\htdocs\app-sip\app\Controllers\DataUsulan.php(59): view('v_dataUsulan/de...', Array)
#5 D:\xampp\htdocs\app-sip\vendor\codeigniter4\framework\system\CodeIgniter.php(832): App\Controllers\DataUsulan->detail_usulan('2')
#6 D:\xampp\htdocs\app-sip\vendor\codeigniter4\framework\system\CodeIgniter.php(419): CodeIgniter\CodeIgniter->runController(Object(App\Controllers\DataUsulan))
#7 D:\xampp\htdocs\app-sip\vendor\codeigniter4\framework\system\CodeIgniter.php(326): CodeIgniter\CodeIgniter->handleRequest(NULL, Object(Config\Cache), false)
#8 D:\xampp\htdocs\app-sip\public\index.php(37): CodeIgniter\CodeIgniter->run()
#9 D:\xampp\htdocs\app-sip\vendor\codeigniter4\framework\system\Commands\Server\rewrite.php(43): require_once('D:\\xampp\\htdocs...')
#10 {main}
