CRITICAL - 2022-03-10 19:15:57 --> Undefined property: stdClass::$instansi_nama
#0 D:\xampp\htdocs\app-sip\app\Controllers\DataFormasi.php(54): CodeIgniter\Debug\Exceptions->errorHandler(8, 'Undefined prope...', 'D:\\xampp\\htdocs...', 54, Array)
#1 D:\xampp\htdocs\app-sip\vendor\codeigniter4\framework\system\CodeIgniter.php(832): App\Controllers\DataFormasi->ajaxDataFormasi()
#2 D:\xampp\htdocs\app-sip\vendor\codeigniter4\framework\system\CodeIgniter.php(419): CodeIgniter\CodeIgniter->runController(Object(App\Controllers\DataFormasi))
#3 D:\xampp\htdocs\app-sip\vendor\codeigniter4\framework\system\CodeIgniter.php(326): CodeIgniter\CodeIgniter->handleRequest(NULL, Object(Config\Cache), false)
#4 D:\xampp\htdocs\app-sip\public\index.php(37): CodeIgniter\CodeIgniter->run()
#5 D:\xampp\htdocs\app-sip\vendor\codeigniter4\framework\system\Commands\Server\rewrite.php(43): require_once('D:\\xampp\\htdocs...')
#6 {main}
CRITICAL - 2022-03-10 19:16:08 --> Undefined property: stdClass::$instansi_nama
#0 D:\xampp\htdocs\app-sip\app\Controllers\DataFormasi.php(54): CodeIgniter\Debug\Exceptions->errorHandler(8, 'Undefined prope...', 'D:\\xampp\\htdocs...', 54, Array)
#1 D:\xampp\htdocs\app-sip\vendor\codeigniter4\framework\system\CodeIgniter.php(832): App\Controllers\DataFormasi->ajaxDataFormasi()
#2 D:\xampp\htdocs\app-sip\vendor\codeigniter4\framework\system\CodeIgniter.php(419): CodeIgniter\CodeIgniter->runController(Object(App\Controllers\DataFormasi))
#3 D:\xampp\htdocs\app-sip\vendor\codeigniter4\framework\system\CodeIgniter.php(326): CodeIgniter\CodeIgniter->handleRequest(NULL, Object(Config\Cache), false)
#4 D:\xampp\htdocs\app-sip\public\index.php(37): CodeIgniter\CodeIgniter->run()
#5 D:\xampp\htdocs\app-sip\vendor\codeigniter4\framework\system\Commands\Server\rewrite.php(43): require_once('D:\\xampp\\htdocs...')
#6 {main}
CRITICAL - 2022-03-10 19:16:35 --> Undefined property: stdClass::$instansi_nama
#0 D:\xampp\htdocs\app-sip\app\Controllers\DataFormasi.php(54): CodeIgniter\Debug\Exceptions->errorHandler(8, 'Undefined prope...', 'D:\\xampp\\htdocs...', 54, Array)
#1 D:\xampp\htdocs\app-sip\vendor\codeigniter4\framework\system\CodeIgniter.php(832): App\Controllers\DataFormasi->ajaxDataFormasi()
#2 D:\xampp\htdocs\app-sip\vendor\codeigniter4\framework\system\CodeIgniter.php(419): CodeIgniter\CodeIgniter->runController(Object(App\Controllers\DataFormasi))
#3 D:\xampp\htdocs\app-sip\vendor\codeigniter4\framework\system\CodeIgniter.php(326): CodeIgniter\CodeIgniter->handleRequest(NULL, Object(Config\Cache), false)
#4 D:\xampp\htdocs\app-sip\public\index.php(37): CodeIgniter\CodeIgniter->run()
#5 D:\xampp\htdocs\app-sip\vendor\codeigniter4\framework\system\Commands\Server\rewrite.php(43): require_once('D:\\xampp\\htdocs...')
#6 {main}
CRITICAL - 2022-03-10 19:16:42 --> Undefined property: stdClass::$instansi_nama
#0 D:\xampp\htdocs\app-sip\app\Controllers\DataFormasi.php(54): CodeIgniter\Debug\Exceptions->errorHandler(8, 'Undefined prope...', 'D:\\xampp\\htdocs...', 54, Array)
#1 D:\xampp\htdocs\app-sip\vendor\codeigniter4\framework\system\CodeIgniter.php(832): App\Controllers\DataFormasi->ajaxDataFormasi()
#2 D:\xampp\htdocs\app-sip\vendor\codeigniter4\framework\system\CodeIgniter.php(419): CodeIgniter\CodeIgniter->runController(Object(App\Controllers\DataFormasi))
#3 D:\xampp\htdocs\app-sip\vendor\codeigniter4\framework\system\CodeIgniter.php(326): CodeIgniter\CodeIgniter->handleRequest(NULL, Object(Config\Cache), false)
#4 D:\xampp\htdocs\app-sip\public\index.php(37): CodeIgniter\CodeIgniter->run()
#5 D:\xampp\htdocs\app-sip\vendor\codeigniter4\framework\system\Commands\Server\rewrite.php(43): require_once('D:\\xampp\\htdocs...')
#6 {main}
CRITICAL - 2022-03-10 19:20:49 --> Undefined property: stdClass::$instansi_nama
#0 D:\xampp\htdocs\app-sip\app\Controllers\DataFormasi.php(54): CodeIgniter\Debug\Exceptions->errorHandler(8, 'Undefined prope...', 'D:\\xampp\\htdocs...', 54, Array)
#1 D:\xampp\htdocs\app-sip\vendor\codeigniter4\framework\system\CodeIgniter.php(832): App\Controllers\DataFormasi->ajaxDataFormasi()
#2 D:\xampp\htdocs\app-sip\vendor\codeigniter4\framework\system\CodeIgniter.php(419): CodeIgniter\CodeIgniter->runController(Object(App\Controllers\DataFormasi))
#3 D:\xampp\htdocs\app-sip\vendor\codeigniter4\framework\system\CodeIgniter.php(326): CodeIgniter\CodeIgniter->handleRequest(NULL, Object(Config\Cache), false)
#4 D:\xampp\htdocs\app-sip\public\index.php(37): CodeIgniter\CodeIgniter->run()
#5 D:\xampp\htdocs\app-sip\vendor\codeigniter4\framework\system\Commands\Server\rewrite.php(43): require_once('D:\\xampp\\htdocs...')
#6 {main}
CRITICAL - 2022-03-10 19:39:57 --> Undefined property: stdClass::$instansi_nama
#0 D:\xampp\htdocs\app-sip\app\Controllers\DataFormasi.php(54): CodeIgniter\Debug\Exceptions->errorHandler(8, 'Undefined prope...', 'D:\\xampp\\htdocs...', 54, Array)
#1 D:\xampp\htdocs\app-sip\vendor\codeigniter4\framework\system\CodeIgniter.php(832): App\Controllers\DataFormasi->ajaxDataFormasi()
#2 D:\xampp\htdocs\app-sip\vendor\codeigniter4\framework\system\CodeIgniter.php(419): CodeIgniter\CodeIgniter->runController(Object(App\Controllers\DataFormasi))
#3 D:\xampp\htdocs\app-sip\vendor\codeigniter4\framework\system\CodeIgniter.php(326): CodeIgniter\CodeIgniter->handleRequest(NULL, Object(Config\Cache), false)
#4 D:\xampp\htdocs\app-sip\public\index.php(37): CodeIgniter\CodeIgniter->run()
#5 D:\xampp\htdocs\app-sip\vendor\codeigniter4\framework\system\Commands\Server\rewrite.php(43): require_once('D:\\xampp\\htdocs...')
#6 {main}
CRITICAL - 2022-03-10 19:40:00 --> Cannot declare class App\Models\PetugasModel, because the name is already in use
#0 [internal function]: CodeIgniter\Debug\Exceptions->shutdownHandler()
#1 {main}
CRITICAL - 2022-03-10 20:29:57 --> Call to undefined function App\Controllers\get_datatables()
#0 D:\xampp\htdocs\app-sip\vendor\codeigniter4\framework\system\CodeIgniter.php(832): App\Controllers\DataUsulan->ajaxDataUsulan()
#1 D:\xampp\htdocs\app-sip\vendor\codeigniter4\framework\system\CodeIgniter.php(419): CodeIgniter\CodeIgniter->runController(Object(App\Controllers\DataUsulan))
#2 D:\xampp\htdocs\app-sip\vendor\codeigniter4\framework\system\CodeIgniter.php(326): CodeIgniter\CodeIgniter->handleRequest(NULL, Object(Config\Cache), false)
#3 D:\xampp\htdocs\app-sip\public\index.php(37): CodeIgniter\CodeIgniter->run()
#4 D:\xampp\htdocs\app-sip\vendor\codeigniter4\framework\system\Commands\Server\rewrite.php(43): require_once('D:\\xampp\\htdocs...')
#5 {main}
CRITICAL - 2022-03-10 20:30:56 --> Call to undefined function App\Controllers\get_datatables()
#0 D:\xampp\htdocs\app-sip\vendor\codeigniter4\framework\system\CodeIgniter.php(832): App\Controllers\DataUsulan->ajaxDataUsulan()
#1 D:\xampp\htdocs\app-sip\vendor\codeigniter4\framework\system\CodeIgniter.php(419): CodeIgniter\CodeIgniter->runController(Object(App\Controllers\DataUsulan))
#2 D:\xampp\htdocs\app-sip\vendor\codeigniter4\framework\system\CodeIgniter.php(326): CodeIgniter\CodeIgniter->handleRequest(NULL, Object(Config\Cache), false)
#3 D:\xampp\htdocs\app-sip\public\index.php(37): CodeIgniter\CodeIgniter->run()
#4 D:\xampp\htdocs\app-sip\vendor\codeigniter4\framework\system\Commands\Server\rewrite.php(43): require_once('D:\\xampp\\htdocs...')
#5 {main}
